<?xml version="1.0" encoding="UTF-8"?>
<coverage generated="1780135500531" clover="3.2.0">
  <project timestamp="1780135500531" name="All files">
    <metrics statements="635" coveredstatements="634" conditionals="154" coveredconditionals="134" methods="36" coveredmethods="33" elements="825" coveredelements="801" complexity="0" loc="635" ncloc="635" packages="1" files="3" classes="3"/>
    <file name="ContributionFlow.tsx" path="/home/kimani/drips/Stellar-Save/frontend/src/components/ContributionFlow.tsx">
      <metrics statements="226" coveredstatements="226" conditionals="68" coveredconditionals="65" methods="12" coveredmethods="12"/>
      <line num="1" count="1" type="stmt"/>
      <line num="43" count="23" type="cond" truecount="1" falsecount="0"/>
      <line num="44" count="23" type="stmt"/>
      <line num="45" count="23" type="cond" truecount="3" falsecount="0"/>
      <line num="46" count="23" type="cond" truecount="2" falsecount="0"/>
      <line num="47" count="23" type="cond" truecount="2" falsecount="0"/>
      <line num="48" count="23" type="cond" truecount="2" falsecount="0"/>
      <line num="49" count="16" type="stmt"/>
      <line num="50" count="16" type="stmt"/>
      <line num="54" count="13" type="cond" truecount="1" falsecount="0"/>
      <line num="56" count="13" type="cond" truecount="1" falsecount="0"/>
      <line num="57" count="13" type="cond" truecount="2" falsecount="0"/>
      <line num="59" count="7" type="cond" truecount="1" falsecount="0"/>
      <line num="60" count="13" type="cond" truecount="1" falsecount="1"/>
      <line num="61" count="7" type="stmt"/>
      <line num="62" count="7" type="stmt"/>
      <line num="66" count="1" type="stmt"/>
      <line num="67" count="1" type="stmt"/>
      <line num="68" count="1" type="stmt"/>
      <line num="69" count="1" type="stmt"/>
      <line num="70" count="1" type="stmt"/>
      <line num="71" count="1" type="stmt"/>
      <line num="72" count="1" type="stmt"/>
      <line num="73" count="1" type="stmt"/>
      <line num="75" count="1" type="stmt"/>
      <line num="76" count="1" type="stmt"/>
      <line num="77" count="1" type="stmt"/>
      <line num="78" count="1" type="stmt"/>
      <line num="79" count="1" type="stmt"/>
      <line num="80" count="1" type="stmt"/>
      <line num="81" count="1" type="stmt"/>
      <line num="93" count="118" type="cond" truecount="1" falsecount="0"/>
      <line num="94" count="118" type="stmt"/>
      <line num="95" count="118" type="stmt"/>
      <line num="96" count="118" type="stmt"/>
      <line num="97" count="118" type="stmt"/>
      <line num="98" count="118" type="stmt"/>
      <line num="99" count="118" type="stmt"/>
      <line num="100" count="118" type="stmt"/>
      <line num="101" count="118" type="stmt"/>
      <line num="102" count="118" type="stmt"/>
      <line num="103" count="118" type="stmt"/>
      <line num="104" count="118" type="stmt"/>
      <line num="105" count="118" type="stmt"/>
      <line num="106" count="118" type="stmt"/>
      <line num="107" count="118" type="stmt"/>
      <line num="108" count="118" type="stmt"/>
      <line num="109" count="118" type="stmt"/>
      <line num="110" count="118" type="stmt"/>
      <line num="111" count="118" type="stmt"/>
      <line num="112" count="118" type="stmt"/>
      <line num="113" count="118" type="stmt"/>
      <line num="114" count="118" type="stmt"/>
      <line num="115" count="118" type="stmt"/>
      <line num="116" count="118" type="stmt"/>
      <line num="117" count="118" type="stmt"/>
      <line num="118" count="118" type="stmt"/>
      <line num="119" count="118" type="stmt"/>
      <line num="121" count="118" type="stmt"/>
      <line num="122" count="118" type="stmt"/>
      <line num="123" count="118" type="stmt"/>
      <line num="124" count="118" type="stmt"/>
      <line num="125" count="118" type="stmt"/>
      <line num="126" count="118" type="stmt"/>
      <line num="127" count="118" type="stmt"/>
      <line num="128" count="118" type="stmt"/>
      <line num="130" count="118" type="stmt"/>
      <line num="144" count="1" type="cond" truecount="1" falsecount="0"/>
      <line num="145" count="118" type="stmt"/>
      <line num="146" count="118" type="stmt"/>
      <line num="147" count="118" type="stmt"/>
      <line num="148" count="118" type="stmt"/>
      <line num="149" count="118" type="stmt"/>
      <line num="150" count="118" type="stmt"/>
      <line num="151" count="118" type="stmt"/>
      <line num="152" count="118" type="stmt"/>
      <line num="153" count="118" type="stmt"/>
      <line num="154" count="118" type="cond" truecount="2" falsecount="0"/>
      <line num="155" count="118" type="stmt"/>
      <line num="156" count="118" type="stmt"/>
      <line num="157" count="118" type="stmt"/>
      <line num="158" count="118" type="stmt"/>
      <line num="159" count="118" type="stmt"/>
      <line num="160" count="118" type="stmt"/>
      <line num="162" count="118" type="stmt"/>
      <line num="163" count="118" type="stmt"/>
      <line num="165" count="118" type="cond" truecount="1" falsecount="0"/>
      <line num="166" count="23" type="stmt"/>
      <line num="167" count="23" type="stmt"/>
      <line num="168" count="23" type="cond" truecount="2" falsecount="0"/>
      <line num="169" count="16" type="stmt"/>
      <line num="170" count="16" type="stmt"/>
      <line num="171" count="23" type="stmt"/>
      <line num="173" count="118" type="cond" truecount="1" falsecount="0"/>
      <line num="174" count="13" type="stmt"/>
      <line num="175" count="13" type="stmt"/>
      <line num="176" count="13" type="stmt"/>
      <line num="177" count="13" type="stmt"/>
      <line num="178" count="13" type="stmt"/>
      <line num="179" count="13" type="stmt"/>
      <line num="180" count="13" type="cond" truecount="1" falsecount="0"/>
      <line num="181" count="7" type="stmt"/>
      <line num="182" count="7" type="cond" truecount="1" falsecount="0"/>
      <line num="183" count="7" type="stmt"/>
      <line num="184" count="7" type="stmt"/>
      <line num="185" count="7" type="stmt"/>
      <line num="186" count="13" type="cond" truecount="1" falsecount="0"/>
      <line num="187" count="13" type="cond" truecount="1" falsecount="0"/>
      <line num="188" count="6" type="cond" truecount="0" falsecount="1"/>
      <line num="189" count="6" type="stmt"/>
      <line num="190" count="6" type="stmt"/>
      <line num="191" count="6" type="cond" truecount="1" falsecount="0"/>
      <line num="192" count="6" type="stmt"/>
      <line num="193" count="13" type="stmt"/>
      <line num="195" count="118" type="cond" truecount="1" falsecount="0"/>
      <line num="196" count="2" type="stmt"/>
      <line num="197" count="2" type="stmt"/>
      <line num="198" count="2" type="stmt"/>
      <line num="199" count="2" type="stmt"/>
      <line num="201" count="118" type="cond" truecount="1" falsecount="0"/>
      <line num="202" count="2" type="stmt"/>
      <line num="203" count="2" type="cond" truecount="0" falsecount="1"/>
      <line num="204" count="2" type="stmt"/>
      <line num="205" count="2" type="stmt"/>
      <line num="206" count="2" type="stmt"/>
      <line num="207" count="2" type="stmt"/>
      <line num="208" count="2" type="stmt"/>
      <line num="210" count="118" type="stmt"/>
      <line num="212" count="118" type="stmt"/>
      <line num="213" count="118" type="stmt"/>
      <line num="215" count="118" type="cond" truecount="1" falsecount="0"/>
      <line num="216" count="2" type="stmt"/>
      <line num="218" count="2" type="stmt"/>
      <line num="222" count="118" type="cond" truecount="2" falsecount="0"/>
      <line num="223" count="33" type="stmt"/>
      <line num="224" count="33" type="stmt"/>
      <line num="225" count="33" type="stmt"/>
      <line num="226" count="33" type="stmt"/>
      <line num="227" count="33" type="cond" truecount="1" falsecount="0"/>
      <line num="228" count="6" type="cond" truecount="1" falsecount="0"/>
      <line num="229" count="27" type="cond" truecount="1" falsecount="0"/>
      <line num="230" count="7" type="cond" truecount="1" falsecount="0"/>
      <line num="231" count="20" type="stmt"/>
      <line num="234" count="33" type="stmt"/>
      <line num="235" count="33" type="stmt"/>
      <line num="236" count="33" type="cond" truecount="2" falsecount="0"/>
      <line num="237" count="7" type="stmt"/>
      <line num="238" count="7" type="stmt"/>
      <line num="239" count="7" type="stmt"/>
      <line num="240" count="7" type="stmt"/>
      <line num="241" count="7" type="stmt"/>
      <line num="242" count="7" type="stmt"/>
      <line num="244" count="7" type="stmt"/>
      <line num="246" count="33" type="stmt"/>
      <line num="247" count="33" type="stmt"/>
      <line num="251" count="118" type="cond" truecount="1" falsecount="0"/>
      <line num="252" count="111" type="stmt"/>
      <line num="253" count="111" type="stmt"/>
      <line num="254" count="111" type="stmt"/>
      <line num="255" count="111" type="stmt"/>
      <line num="256" count="111" type="stmt"/>
      <line num="257" count="111" type="stmt"/>
      <line num="258" count="111" type="cond" truecount="1" falsecount="0"/>
      <line num="259" count="111" type="stmt"/>
      <line num="260" count="111" type="cond" truecount="1" falsecount="0"/>
      <line num="261" count="111" type="stmt"/>
      <line num="262" count="111" type="cond" truecount="2" falsecount="0"/>
      <line num="263" count="111" type="stmt"/>
      <line num="264" count="111" type="stmt"/>
      <line num="265" count="111" type="stmt"/>
      <line num="268" count="111" type="cond" truecount="1" falsecount="0"/>
      <line num="269" count="80" type="stmt"/>
      <line num="270" count="80" type="cond" truecount="1" falsecount="0"/>
      <line num="271" count="240" type="stmt"/>
      <line num="272" count="240" type="stmt"/>
      <line num="273" count="240" type="stmt"/>
      <line num="274" count="240" type="stmt"/>
      <line num="275" count="240" type="cond" truecount="2" falsecount="0"/>
      <line num="276" count="240" type="cond" truecount="2" falsecount="0"/>
      <line num="277" count="240" type="cond" truecount="1" falsecount="0"/>
      <line num="278" count="240" type="cond" truecount="2" falsecount="0"/>
      <line num="279" count="240" type="stmt"/>
      <line num="280" count="240" type="stmt"/>
      <line num="281" count="80" type="stmt"/>
      <line num="282" count="80" type="stmt"/>
      <line num="285" count="111" type="stmt"/>
      <line num="286" count="111" type="stmt"/>
      <line num="287" count="111" type="stmt"/>
      <line num="288" count="111" type="stmt"/>
      <line num="289" count="111" type="cond" truecount="2" falsecount="0"/>
      <line num="291" count="111" type="cond" truecount="1" falsecount="0"/>
      <line num="292" count="20" type="stmt"/>
      <line num="293" count="20" type="stmt"/>
      <line num="295" count="20" type="cond" truecount="1" falsecount="0"/>
      <line num="296" count="91" type="stmt"/>
      <line num="297" count="111" type="stmt"/>
      <line num="298" count="111" type="cond" truecount="1" falsecount="0"/>
      <line num="299" count="6" type="stmt"/>
      <line num="301" count="111" type="stmt"/>
      <line num="302" count="111" type="stmt"/>
      <line num="303" count="111" type="stmt"/>
      <line num="307" count="118" type="cond" truecount="1" falsecount="0"/>
      <line num="308" count="7" type="stmt"/>
      <line num="309" count="7" type="stmt"/>
      <line num="310" count="7" type="stmt"/>
      <line num="311" count="7" type="stmt"/>
      <line num="312" count="7" type="stmt"/>
      <line num="313" count="7" type="stmt"/>
      <line num="314" count="7" type="stmt"/>
      <line num="318" count="118" type="stmt"/>
      <line num="319" count="118" type="stmt"/>
      <line num="320" count="118" type="cond" truecount="1" falsecount="0"/>
      <line num="321" count="118" type="stmt"/>
      <line num="322" count="118" type="cond" truecount="1" falsecount="0"/>
      <line num="323" count="118" type="cond" truecount="1" falsecount="0"/>
      <line num="324" count="118" type="stmt"/>
      <line num="327" count="118" type="stmt"/>
      <line num="328" count="118" type="stmt"/>
      <line num="329" count="118" type="cond" truecount="1" falsecount="0"/>
      <line num="330" count="118" type="stmt"/>
      <line num="331" count="118" type="cond" truecount="1" falsecount="0"/>
      <line num="332" count="118" type="stmt"/>
      <line num="333" count="118" type="stmt"/>
      <line num="334" count="118" type="stmt"/>
      <line num="336" count="118" type="stmt"/>
      <line num="338" count="1" type="stmt"/>
    </file>
    <file name="GroupCard.tsx" path="/home/kimani/drips/Stellar-Save/frontend/src/components/GroupCard.tsx">
      <metrics statements="166" coveredstatements="166" conditionals="33" coveredconditionals="30" methods="9" coveredmethods="9"/>
      <line num="1" count="1" type="stmt"/>
      <line num="55" count="1" type="stmt"/>
      <line num="57" count="7" type="cond" truecount="1" falsecount="0"/>
      <line num="58" count="7" type="stmt"/>
      <line num="59" count="7" type="stmt"/>
      <line num="60" count="7" type="stmt"/>
      <line num="61" count="7" type="stmt"/>
      <line num="62" count="7" type="stmt"/>
      <line num="64" count="7" type="cond" truecount="1" falsecount="0"/>
      <line num="65" count="7" type="stmt"/>
      <line num="66" count="7" type="stmt"/>
      <line num="67" count="7" type="stmt"/>
      <line num="68" count="7" type="stmt"/>
      <line num="69" count="7" type="cond" truecount="0" falsecount="1"/>
      <line num="70" count="7" type="stmt"/>
      <line num="71" count="7" type="stmt"/>
      <line num="72" count="7" type="stmt"/>
      <line num="73" count="7" type="stmt"/>
      <line num="75" count="35" type="cond" truecount="1" falsecount="0"/>
      <line num="76" count="35" type="cond" truecount="2" falsecount="0"/>
      <line num="77" count="8" type="stmt"/>
      <line num="78" count="8" type="stmt"/>
      <line num="98" count="35" type="cond" truecount="1" falsecount="0"/>
      <line num="99" count="35" type="stmt"/>
      <line num="100" count="35" type="stmt"/>
      <line num="101" count="35" type="stmt"/>
      <line num="102" count="35" type="stmt"/>
      <line num="103" count="35" type="stmt"/>
      <line num="104" count="35" type="stmt"/>
      <line num="105" count="35" type="stmt"/>
      <line num="106" count="35" type="stmt"/>
      <line num="107" count="35" type="stmt"/>
      <line num="108" count="35" type="stmt"/>
      <line num="109" count="35" type="stmt"/>
      <line num="110" count="35" type="stmt"/>
      <line num="111" count="35" type="stmt"/>
      <line num="112" count="35" type="stmt"/>
      <line num="113" count="35" type="stmt"/>
      <line num="115" count="35" type="cond" truecount="1" falsecount="0"/>
      <line num="116" count="1" type="cond" truecount="0" falsecount="1"/>
      <line num="117" count="1" type="stmt"/>
      <line num="118" count="1" type="stmt"/>
      <line num="120" count="35" type="stmt"/>
      <line num="121" count="35" type="stmt"/>
      <line num="122" count="35" type="cond" truecount="1" falsecount="0"/>
      <line num="123" count="8" type="stmt"/>
      <line num="124" count="8" type="stmt"/>
      <line num="125" count="8" type="stmt"/>
      <line num="128" count="35" type="stmt"/>
      <line num="129" count="35" type="stmt"/>
      <line num="130" count="35" type="stmt"/>
      <line num="131" count="35" type="stmt"/>
      <line num="133" count="35" type="cond" truecount="1" falsecount="0"/>
      <line num="134" count="8" type="stmt"/>
      <line num="135" count="8" type="stmt"/>
      <line num="136" count="8" type="stmt"/>
      <line num="139" count="35" type="stmt"/>
      <line num="140" count="35" type="stmt"/>
      <line num="141" count="35" type="stmt"/>
      <line num="142" count="35" type="stmt"/>
      <line num="143" count="35" type="stmt"/>
      <line num="144" count="35" type="stmt"/>
      <line num="145" count="35" type="stmt"/>
      <line num="146" count="35" type="stmt"/>
      <line num="147" count="35" type="stmt"/>
      <line num="148" count="35" type="stmt"/>
      <line num="149" count="35" type="stmt"/>
      <line num="150" count="35" type="stmt"/>
      <line num="151" count="35" type="stmt"/>
      <line num="152" count="35" type="stmt"/>
      <line num="153" count="35" type="stmt"/>
      <line num="154" count="35" type="stmt"/>
      <line num="155" count="35" type="stmt"/>
      <line num="156" count="35" type="stmt"/>
      <line num="157" count="35" type="stmt"/>
      <line num="158" count="35" type="stmt"/>
      <line num="159" count="35" type="stmt"/>
      <line num="160" count="35" type="stmt"/>
      <line num="162" count="35" type="stmt"/>
      <line num="163" count="35" type="cond" truecount="1" falsecount="0"/>
      <line num="164" count="4" type="stmt"/>
      <line num="165" count="4" type="stmt"/>
      <line num="166" count="4" type="stmt"/>
      <line num="167" count="4" type="cond" truecount="1" falsecount="0"/>
      <line num="168" count="4" type="stmt"/>
      <line num="170" count="4" type="stmt"/>
      <line num="172" count="35" type="cond" truecount="1" falsecount="0"/>
      <line num="173" count="5" type="stmt"/>
      <line num="174" count="5" type="stmt"/>
      <line num="175" count="5" type="stmt"/>
      <line num="176" count="5" type="cond" truecount="1" falsecount="0"/>
      <line num="177" count="5" type="stmt"/>
      <line num="179" count="5" type="stmt"/>
      <line num="181" count="35" type="stmt"/>
      <line num="182" count="35" type="stmt"/>
      <line num="185" count="35" type="cond" truecount="1" falsecount="0"/>
      <line num="186" count="8" type="stmt"/>
      <line num="187" count="8" type="stmt"/>
      <line num="188" count="8" type="stmt"/>
      <line num="189" count="8" type="stmt"/>
      <line num="190" count="8" type="stmt"/>
      <line num="191" count="8" type="stmt"/>
      <line num="193" count="8" type="stmt"/>
      <line num="194" count="8" type="stmt"/>
      <line num="196" count="8" type="cond" truecount="1" falsecount="0"/>
      <line num="198" count="27" type="stmt"/>
      <line num="199" count="27" type="stmt"/>
      <line num="200" count="27" type="stmt"/>
      <line num="201" count="27" type="stmt"/>
      <line num="203" count="27" type="stmt"/>
      <line num="217" count="1" type="cond" truecount="1" falsecount="0"/>
      <line num="218" count="49" type="cond" truecount="1" falsecount="0"/>
      <line num="221" count="49" type="stmt"/>
      <line num="222" count="49" type="stmt"/>
      <line num="223" count="49" type="cond" truecount="1" falsecount="0"/>
      <line num="224" count="49" type="stmt"/>
      <line num="225" count="49" type="stmt"/>
      <line num="226" count="49" type="stmt"/>
      <line num="228" count="49" type="cond" truecount="1" falsecount="0"/>
      <line num="229" count="21" type="cond" truecount="2" falsecount="0"/>
      <line num="231" count="21" type="cond" truecount="2" falsecount="0"/>
      <line num="232" count="3" type="stmt"/>
      <line num="233" count="3" type="stmt"/>
      <line num="234" count="3" type="stmt"/>
      <line num="235" count="3" type="cond" truecount="2" falsecount="0"/>
      <line num="236" count="3" type="stmt"/>
      <line num="237" count="3" type="stmt"/>
      <line num="239" count="3" type="cond" truecount="1" falsecount="0"/>
      <line num="241" count="7" type="stmt"/>
      <line num="242" count="7" type="stmt"/>
      <line num="244" count="7" type="stmt"/>
      <line num="245" count="7" type="stmt"/>
      <line num="246" count="7" type="stmt"/>
      <line num="247" count="7" type="stmt"/>
      <line num="248" count="7" type="stmt"/>
      <line num="249" count="7" type="stmt"/>
      <line num="250" count="7" type="stmt"/>
      <line num="251" count="7" type="stmt"/>
      <line num="252" count="7" type="stmt"/>
      <line num="253" count="7" type="stmt"/>
      <line num="254" count="7" type="stmt"/>
      <line num="255" count="7" type="stmt"/>
      <line num="256" count="7" type="stmt"/>
      <line num="257" count="7" type="stmt"/>
      <line num="258" count="7" type="stmt"/>
      <line num="259" count="7" type="stmt"/>
      <line num="261" count="7" type="cond" truecount="1" falsecount="0"/>
      <line num="264" count="28" type="stmt"/>
      <line num="265" count="49" type="cond" truecount="1" falsecount="1"/>
      <line num="267" count="49" type="stmt"/>
      <line num="268" count="49" type="stmt"/>
      <line num="269" count="49" type="stmt"/>
      <line num="270" count="49" type="stmt"/>
      <line num="271" count="49" type="stmt"/>
      <line num="272" count="49" type="stmt"/>
      <line num="273" count="49" type="cond" truecount="1" falsecount="0"/>
      <line num="274" count="49" type="cond" truecount="1" falsecount="0"/>
      <line num="275" count="49" type="stmt"/>
      <line num="276" count="49" type="stmt"/>
      <line num="277" count="49" type="stmt"/>
      <line num="278" count="49" type="stmt"/>
      <line num="279" count="49" type="stmt"/>
      <line num="280" count="49" type="stmt"/>
      <line num="281" count="49" type="stmt"/>
      <line num="282" count="49" type="stmt"/>
      <line num="284" count="49" type="stmt"/>
    </file>
    <file name="TransactionHistory.tsx" path="/home/kimani/drips/Stellar-Save/frontend/src/components/TransactionHistory.tsx">
      <metrics statements="243" coveredstatements="242" conditionals="53" coveredconditionals="39" methods="15" coveredmethods="12"/>
      <line num="1" count="1" type="stmt"/>
      <line num="33" count="1" type="stmt"/>
      <line num="34" count="1" type="stmt"/>
      <line num="35" count="1" type="stmt"/>
      <line num="36" count="1" type="stmt"/>
      <line num="37" count="1" type="stmt"/>
      <line num="52" count="10" type="cond" truecount="1" falsecount="0"/>
      <line num="53" count="10" type="stmt"/>
      <line num="54" count="10" type="stmt"/>
      <line num="55" count="10" type="stmt"/>
      <line num="56" count="10" type="stmt"/>
      <line num="57" count="10" type="cond" truecount="0" falsecount="1"/>
      <line num="58" count="10" type="stmt"/>
      <line num="60" count="10" type="stmt"/>
      <line num="61" count="10" type="cond" truecount="2" falsecount="0"/>
      <line num="63" count="6" type="stmt"/>
      <line num="64" count="10" type="cond" truecount="0" falsecount="1"/>
      <line num="66" count="10" type="stmt"/>
      <line num="67" count="10" type="cond" truecount="2" falsecount="0"/>
      <line num="68" count="10" type="cond" truecount="1" falsecount="0"/>
      <line num="69" count="10" type="stmt"/>
      <line num="70" count="10" type="stmt"/>
      <line num="71" count="10" type="stmt"/>
      <line num="72" count="10" type="cond" truecount="0" falsecount="1"/>
      <line num="73" count="10" type="cond" truecount="0" falsecount="1"/>
      <line num="74" count="10" type="cond" truecount="0" falsecount="1"/>
      <line num="75" count="10" type="cond" truecount="0" falsecount="1"/>
      <line num="76" count="10" type="stmt"/>
      <line num="77" count="10" type="stmt"/>
      <line num="78" count="10" type="stmt"/>
      <line num="79" count="10" type="stmt"/>
      <line num="80" count="10" type="stmt"/>
      <line num="81" count="10" type="stmt"/>
      <line num="85" count="1" type="stmt"/>
      <line num="86" count="1" type="stmt"/>
      <line num="87" count="1" type="stmt"/>
      <line num="88" count="1" type="stmt"/>
      <line num="89" count="1" type="stmt"/>
      <line num="90" count="1" type="stmt"/>
      <line num="91" count="1" type="stmt"/>
      <line num="95" count="1" type="stmt"/>
      <line num="96" count="1" type="stmt"/>
      <line num="97" count="1" type="stmt"/>
      <line num="98" count="1" type="stmt"/>
      <line num="99" count="1" type="stmt"/>
      <line num="100" count="1" type="stmt"/>
      <line num="101" count="1" type="stmt"/>
      <line num="102" count="1" type="stmt"/>
      <line num="104" count="16" type="cond" truecount="1" falsecount="0"/>
      <line num="105" count="16" type="cond" truecount="1" falsecount="0"/>
      <line num="106" count="1" type="cond" truecount="1" falsecount="0"/>
      <line num="107" count="15" type="stmt"/>
      <line num="109" count="16" type="stmt"/>
      <line num="110" count="16" type="stmt"/>
      <line num="111" count="16" type="stmt"/>
      <line num="112" count="16" type="stmt"/>
      <line num="113" count="16" type="stmt"/>
      <line num="114" count="16" type="cond" truecount="1" falsecount="0"/>
      <line num="115" count="47" type="stmt"/>
      <line num="116" count="16" type="stmt"/>
      <line num="117" count="16" type="stmt"/>
      <line num="118" count="16" type="stmt"/>
      <line num="119" count="16" type="stmt"/>
      <line num="120" count="16" type="stmt"/>
      <line num="121" count="16" type="stmt"/>
      <line num="122" count="16" type="stmt"/>
      <line num="123" count="16" type="cond" truecount="1" falsecount="0"/>
      <line num="124" count="47" type="stmt"/>
      <line num="125" count="47" type="cond" truecount="0" falsecount="1"/>
      <line num="126" count="47" type="stmt"/>
      <line num="127" count="47" type="cond" truecount="0" falsecount="2"/>
      <line num="128" count="47" type="stmt"/>
      <line num="129" count="47" type="stmt"/>
      <line num="131" count="16" type="stmt"/>
      <line num="132" count="16" type="stmt"/>
      <line num="133" count="16" type="stmt"/>
      <line num="134" count="16" type="stmt"/>
      <line num="135" count="16" type="stmt"/>
      <line num="136" count="16" type="stmt"/>
      <line num="137" count="16" type="stmt"/>
      <line num="138" count="16" type="cond" truecount="1" falsecount="0"/>
      <line num="139" count="47" type="cond" truecount="0" falsecount="1"/>
      <line num="140" count="47" type="stmt"/>
      <line num="141" count="47" type="stmt"/>
      <line num="142" count="47" type="stmt"/>
      <line num="143" count="47" type="stmt"/>
      <line num="144" count="47" type="cond" truecount="2" falsecount="0"/>
      <line num="146" count="47" type="stmt"/>
      <line num="147" count="47" type="stmt"/>
      <line num="149" count="47" type="stmt"/>
      <line num="150" count="16" type="stmt"/>
      <line num="151" count="16" type="stmt"/>
      <line num="152" count="16" type="stmt"/>
      <line num="153" count="16" type="stmt"/>
      <line num="154" count="16" type="stmt"/>
      <line num="155" count="16" type="stmt"/>
      <line num="156" count="16" type="stmt"/>
      <line num="157" count="16" type="stmt"/>
      <line num="158" count="16" type="stmt"/>
      <line num="159" count="16" type="stmt"/>
      <line num="160" count="16" type="stmt"/>
      <line num="161" count="16" type="stmt"/>
      <line num="162" count="16" type="cond" truecount="1" falsecount="0"/>
      <line num="163" count="47" type="stmt"/>
      <line num="164" count="47" type="stmt"/>
      <line num="165" count="47" type="stmt"/>
      <line num="167" count="16" type="stmt"/>
      <line num="168" count="16" type="stmt"/>
      <line num="169" count="16" type="stmt"/>
      <line num="170" count="16" type="stmt"/>
      <line num="171" count="16" type="stmt"/>
      <line num="172" count="16" type="stmt"/>
      <line num="173" count="16" type="stmt"/>
      <line num="174" count="16" type="cond" truecount="1" falsecount="0"/>
      <line num="175" count="47" type="stmt"/>
      <line num="176" count="47" type="cond" truecount="1" falsecount="0"/>
      <line num="177" count="47" type="stmt"/>
      <line num="179" count="16" type="stmt"/>
      <line num="180" count="16" type="stmt"/>
      <line num="181" count="16" type="stmt"/>
      <line num="182" count="16" type="stmt"/>
      <line num="183" count="16" type="stmt"/>
      <line num="184" count="16" type="stmt"/>
      <line num="185" count="16" type="cond" truecount="1" falsecount="0"/>
      <line num="186" count="47" type="stmt"/>
      <line num="187" count="47" type="stmt"/>
      <line num="188" count="47" type="stmt"/>
      <line num="189" count="47" type="cond" truecount="2" falsecount="1"/>
      <line num="190" count="47" type="stmt"/>
      <line num="192" count="16" type="stmt"/>
      <line num="193" count="16" type="stmt"/>
      <line num="194" count="16" type="stmt"/>
      <line num="195" count="16" type="stmt"/>
      <line num="196" count="16" type="stmt"/>
      <line num="197" count="16" type="stmt"/>
      <line num="198" count="16" type="cond" truecount="1" falsecount="0"/>
      <line num="199" count="47" type="stmt"/>
      <line num="200" count="47" type="stmt"/>
      <line num="201" count="47" type="stmt"/>
      <line num="202" count="47" type="stmt"/>
      <line num="203" count="47" type="stmt"/>
      <line num="204" count="47" type="stmt"/>
      <line num="205" count="47" type="stmt"/>
      <line num="207" count="47" type="stmt"/>
      <line num="209" count="16" type="stmt"/>
      <line num="210" count="16" type="stmt"/>
      <line num="211" count="16" type="stmt"/>
      <line num="233" count="1" type="cond" truecount="1" falsecount="0"/>
      <line num="234" count="41" type="stmt"/>
      <line num="235" count="41" type="stmt"/>
      <line num="236" count="41" type="stmt"/>
      <line num="237" count="41" type="stmt"/>
      <line num="238" count="41" type="stmt"/>
      <line num="239" count="41" type="cond" truecount="1" falsecount="0"/>
      <line num="240" count="41" type="cond" truecount="0" falsecount="1"/>
      <line num="242" count="41" type="stmt"/>
      <line num="243" count="41" type="stmt"/>
      <line num="244" count="41" type="stmt"/>
      <line num="245" count="41" type="stmt"/>
      <line num="246" count="41" type="stmt"/>
      <line num="247" count="41" type="stmt"/>
      <line num="250" count="41" type="cond" truecount="1" falsecount="0"/>
      <line num="251" count="16" type="cond" truecount="1" falsecount="0"/>
      <line num="252" count="6" type="stmt"/>
      <line num="253" count="6" type="stmt"/>
      <line num="254" count="6" type="cond" truecount="1" falsecount="0"/>
      <line num="255" count="10" type="stmt"/>
      <line num="256" count="10" type="stmt"/>
      <line num="257" count="10" type="stmt"/>
      <line num="258" count="10" type="cond" truecount="1" falsecount="0"/>
      <line num="259" count="6" type="cond" truecount="2" falsecount="0"/>
      <line num="260" count="10" type="stmt"/>
      <line num="261" count="10" type="cond" truecount="1" falsecount="0"/>
      <line num="263" count="4" type="stmt"/>
      <line num="264" count="4" type="stmt"/>
      <line num="265" count="10" type="stmt"/>
      <line num="266" count="10" type="cond" truecount="1" falsecount="0"/>
      <line num="267" count="41" type="stmt"/>
      <line num="270" count="41" type="cond" truecount="1" falsecount="0"/>
      <line num="271" count="31" type="cond" truecount="0" falsecount="1"/>
      <line num="272" count="0" type="stmt"/>
      <line num="273" count="41" type="stmt"/>
      <line num="275" count="41" type="cond" truecount="1" falsecount="0"/>
      <line num="277" count="41" type="stmt"/>
      <line num="278" count="41" type="cond" truecount="2" falsecount="0"/>
      <line num="279" count="41" type="stmt"/>
      <line num="280" count="41" type="stmt"/>
      <line num="282" count="41" type="stmt"/>
      <line num="283" count="41" type="stmt"/>
      <line num="285" count="41" type="stmt"/>
      <line num="286" count="41" type="stmt"/>
      <line num="288" count="41" type="stmt"/>
      <line num="289" count="41" type="stmt"/>
      <line num="290" count="41" type="stmt"/>
      <line num="291" count="41" type="stmt"/>
      <line num="292" count="41" type="stmt"/>
      <line num="293" count="41" type="stmt"/>
      <line num="294" count="41" type="stmt"/>
      <line num="295" count="41" type="stmt"/>
      <line num="297" count="41" type="stmt"/>
      <line num="298" count="41" type="cond" truecount="1" falsecount="0"/>
      <line num="299" count="45" type="stmt"/>
      <line num="300" count="41" type="stmt"/>
      <line num="301" count="41" type="stmt"/>
      <line num="302" count="41" type="cond" truecount="1" falsecount="0"/>
      <line num="303" count="12" type="stmt"/>
      <line num="305" count="12" type="stmt"/>
      <line num="307" count="41" type="stmt"/>
      <line num="309" count="41" type="cond" truecount="0" falsecount="1"/>
      <line num="312" count="41" type="stmt"/>
      <line num="313" count="41" type="stmt"/>
      <line num="314" count="41" type="stmt"/>
      <line num="315" count="41" type="stmt"/>
      <line num="316" count="41" type="stmt"/>
      <line num="317" count="41" type="stmt"/>
      <line num="318" count="41" type="stmt"/>
      <line num="319" count="41" type="stmt"/>
      <line num="320" count="41" type="stmt"/>
      <line num="321" count="41" type="stmt"/>
      <line num="322" count="41" type="stmt"/>
      <line num="323" count="41" type="stmt"/>
      <line num="324" count="41" type="stmt"/>
      <line num="325" count="41" type="cond" truecount="1" falsecount="0"/>
      <line num="326" count="19" type="stmt"/>
      <line num="327" count="19" type="stmt"/>
      <line num="328" count="19" type="stmt"/>
      <line num="330" count="41" type="cond" truecount="1" falsecount="0"/>
      <line num="331" count="32" type="stmt"/>
      <line num="332" count="32" type="stmt"/>
      <line num="333" count="32" type="stmt"/>
      <line num="335" count="41" type="stmt"/>
      <line num="336" count="41" type="stmt"/>
      <line num="337" count="41" type="stmt"/>
      <line num="338" count="41" type="stmt"/>
      <line num="339" count="41" type="stmt"/>
      <line num="340" count="41" type="stmt"/>
      <line num="341" count="41" type="stmt"/>
      <line num="342" count="41" type="stmt"/>
      <line num="343" count="41" type="stmt"/>
      <line num="344" count="41" type="stmt"/>
      <line num="345" count="41" type="stmt"/>
      <line num="347" count="41" type="stmt"/>
      <line num="349" count="1" type="stmt"/>
    </file>
  </project>
</coverage>
