{"/home/kimani/drips/Stellar-Save/frontend/src/components/ContributionFlow.tsx": {"path":"/home/kimani/drips/Stellar-Save/frontend/src/components/ContributionFlow.tsx","all":false,"statementMap":{"0":{"start":{"line":1,"column":0},"end":{"line":1,"column":33}},"42":{"start":{"line":43,"column":0},"end":{"line":43,"column":79}},"43":{"start":{"line":44,"column":0},"end":{"line":44,"column":32}},"44":{"start":{"line":45,"column":0},"end":{"line":45,"column":73}},"45":{"start":{"line":46,"column":0},"end":{"line":46,"column":58}},"46":{"start":{"line":47,"column":0},"end":{"line":47,"column":64}},"47":{"start":{"line":48,"column":0},"end":{"line":48,"column":64}},"48":{"start":{"line":49,"column":0},"end":{"line":49,"column":14}},"49":{"start":{"line":50,"column":0},"end":{"line":50,"column":1}},"53":{"start":{"line":54,"column":0},"end":{"line":54,"column":63}},"55":{"start":{"line":56,"column":0},"end":{"line":56,"column":48}},"56":{"start":{"line":57,"column":0},"end":{"line":57,"column":88}},"58":{"start":{"line":59,"column":0},"end":{"line":59,"column":47}},"59":{"start":{"line":60,"column":0},"end":{"line":60,"column":85}},"60":{"start":{"line":61,"column":0},"end":{"line":61,"column":67}},"61":{"start":{"line":62,"column":0},"end":{"line":62,"column":1}},"65":{"start":{"line":66,"column":0},"end":{"line":66,"column":57}},"66":{"start":{"line":67,"column":0},"end":{"line":67,"column":11}},"67":{"start":{"line":68,"column":0},"end":{"line":68,"column":49}},"68":{"start":{"line":69,"column":0},"end":{"line":69,"column":46}},"69":{"start":{"line":70,"column":0},"end":{"line":70,"column":49}},"70":{"start":{"line":71,"column":0},"end":{"line":71,"column":37}},"71":{"start":{"line":72,"column":0},"end":{"line":72,"column":31}},"72":{"start":{"line":73,"column":0},"end":{"line":73,"column":2}},"74":{"start":{"line":75,"column":0},"end":{"line":75,"column":103}},"75":{"start":{"line":76,"column":0},"end":{"line":76,"column":21}},"76":{"start":{"line":77,"column":0},"end":{"line":77,"column":18}},"77":{"start":{"line":78,"column":0},"end":{"line":78,"column":21}},"78":{"start":{"line":79,"column":0},"end":{"line":79,"column":21}},"79":{"start":{"line":80,"column":0},"end":{"line":80,"column":17}},"80":{"start":{"line":81,"column":0},"end":{"line":81,"column":2}},"92":{"start":{"line":93,"column":0},"end":{"line":93,"column":92}},"93":{"start":{"line":94,"column":0},"end":{"line":94,"column":10}},"94":{"start":{"line":95,"column":0},"end":{"line":95,"column":67}},"95":{"start":{"line":96,"column":0},"end":{"line":96,"column":53}},"96":{"start":{"line":97,"column":0},"end":{"line":97,"column":21}},"97":{"start":{"line":98,"column":0},"end":{"line":98,"column":42}},"98":{"start":{"line":99,"column":0},"end":{"line":99,"column":61}},"99":{"start":{"line":100,"column":0},"end":{"line":100,"column":28}},"100":{"start":{"line":101,"column":0},"end":{"line":101,"column":23}},"101":{"start":{"line":102,"column":0},"end":{"line":102,"column":71}},"102":{"start":{"line":103,"column":0},"end":{"line":103,"column":31}},"103":{"start":{"line":104,"column":0},"end":{"line":104,"column":77}},"104":{"start":{"line":105,"column":0},"end":{"line":105,"column":86}},"105":{"start":{"line":106,"column":0},"end":{"line":106,"column":86}},"106":{"start":{"line":107,"column":0},"end":{"line":107,"column":20}},"107":{"start":{"line":108,"column":0},"end":{"line":108,"column":77}},"108":{"start":{"line":109,"column":0},"end":{"line":109,"column":91}},"109":{"start":{"line":110,"column":0},"end":{"line":110,"column":92}},"110":{"start":{"line":111,"column":0},"end":{"line":111,"column":20}},"111":{"start":{"line":112,"column":0},"end":{"line":112,"column":25}},"112":{"start":{"line":113,"column":0},"end":{"line":113,"column":77}},"113":{"start":{"line":114,"column":0},"end":{"line":114,"column":79}},"114":{"start":{"line":115,"column":0},"end":{"line":115,"column":102}},"115":{"start":{"line":116,"column":0},"end":{"line":116,"column":20}},"116":{"start":{"line":117,"column":0},"end":{"line":117,"column":20}},"117":{"start":{"line":118,"column":0},"end":{"line":118,"column":16}},"118":{"start":{"line":119,"column":0},"end":{"line":119,"column":82}},"120":{"start":{"line":121,"column":0},"end":{"line":121,"column":23}},"121":{"start":{"line":122,"column":0},"end":{"line":122,"column":16}},"122":{"start":{"line":123,"column":0},"end":{"line":123,"column":22}},"123":{"start":{"line":124,"column":0},"end":{"line":124,"column":21}},"124":{"start":{"line":125,"column":0},"end":{"line":125,"column":70}},"125":{"start":{"line":126,"column":0},"end":{"line":126,"column":81}},"126":{"start":{"line":127,"column":0},"end":{"line":127,"column":22}},"127":{"start":{"line":128,"column":0},"end":{"line":128,"column":13}},"129":{"start":{"line":130,"column":0},"end":{"line":130,"column":1}},"143":{"start":{"line":144,"column":0},"end":{"line":144,"column":34}},"144":{"start":{"line":145,"column":0},"end":{"line":145,"column":16}},"145":{"start":{"line":146,"column":0},"end":{"line":146,"column":21}},"146":{"start":{"line":147,"column":0},"end":{"line":147,"column":16}},"147":{"start":{"line":148,"column":0},"end":{"line":148,"column":10}},"148":{"start":{"line":149,"column":0},"end":{"line":149,"column":16}},"149":{"start":{"line":150,"column":0},"end":{"line":150,"column":12}},"150":{"start":{"line":151,"column":0},"end":{"line":151,"column":10}},"151":{"start":{"line":152,"column":0},"end":{"line":152,"column":19}},"152":{"start":{"line":153,"column":0},"end":{"line":153,"column":27}},"153":{"start":{"line":154,"column":0},"end":{"line":154,"column":93}},"154":{"start":{"line":155,"column":0},"end":{"line":155,"column":68}},"155":{"start":{"line":156,"column":0},"end":{"line":156,"column":56}},"156":{"start":{"line":157,"column":0},"end":{"line":157,"column":66}},"157":{"start":{"line":158,"column":0},"end":{"line":158,"column":60}},"158":{"start":{"line":159,"column":0},"end":{"line":159,"column":72}},"159":{"start":{"line":160,"column":0},"end":{"line":160,"column":56}},"161":{"start":{"line":162,"column":0},"end":{"line":162,"column":80}},"162":{"start":{"line":163,"column":0},"end":{"line":163,"column":47}},"164":{"start":{"line":165,"column":0},"end":{"line":165,"column":52}},"165":{"start":{"line":166,"column":0},"end":{"line":166,"column":23}},"166":{"start":{"line":167,"column":0},"end":{"line":167,"column":66}},"167":{"start":{"line":168,"column":0},"end":{"line":168,"column":44}},"168":{"start":{"line":169,"column":0},"end":{"line":169,"column":24}},"169":{"start":{"line":170,"column":0},"end":{"line":170,"column":25}},"170":{"start":{"line":171,"column":0},"end":{"line":171,"column":4}},"172":{"start":{"line":173,"column":0},"end":{"line":173,"column":37}},"173":{"start":{"line":174,"column":0},"end":{"line":174,"column":26}},"174":{"start":{"line":175,"column":0},"end":{"line":175,"column":28}},"175":{"start":{"line":176,"column":0},"end":{"line":176,"column":26}},"176":{"start":{"line":177,"column":0},"end":{"line":177,"column":20}},"177":{"start":{"line":178,"column":0},"end":{"line":178,"column":9}},"178":{"start":{"line":179,"column":0},"end":{"line":179,"column":27}},"179":{"start":{"line":180,"column":0},"end":{"line":180,"column":53}},"180":{"start":{"line":181,"column":0},"end":{"line":181,"column":30}},"181":{"start":{"line":182,"column":0},"end":{"line":182,"column":51}},"182":{"start":{"line":183,"column":0},"end":{"line":183,"column":22}},"183":{"start":{"line":184,"column":0},"end":{"line":184,"column":27}},"184":{"start":{"line":185,"column":0},"end":{"line":185,"column":27}},"185":{"start":{"line":186,"column":0},"end":{"line":186,"column":38}},"186":{"start":{"line":187,"column":0},"end":{"line":187,"column":19}},"187":{"start":{"line":188,"column":0},"end":{"line":188,"column":81}},"188":{"start":{"line":189,"column":0},"end":{"line":189,"column":37}},"189":{"start":{"line":190,"column":0},"end":{"line":190,"column":25}},"190":{"start":{"line":191,"column":0},"end":{"line":191,"column":23}},"191":{"start":{"line":192,"column":0},"end":{"line":192,"column":5}},"192":{"start":{"line":193,"column":0},"end":{"line":193,"column":4}},"194":{"start":{"line":195,"column":0},"end":{"line":195,"column":29}},"195":{"start":{"line":196,"column":0},"end":{"line":196,"column":22}},"196":{"start":{"line":197,"column":0},"end":{"line":197,"column":26}},"197":{"start":{"line":198,"column":0},"end":{"line":198,"column":20}},"198":{"start":{"line":199,"column":0},"end":{"line":199,"column":4}},"200":{"start":{"line":201,"column":0},"end":{"line":201,"column":29}},"201":{"start":{"line":202,"column":0},"end":{"line":202,"column":22}},"202":{"start":{"line":203,"column":0},"end":{"line":203,"column":63}},"203":{"start":{"line":204,"column":0},"end":{"line":204,"column":24}},"204":{"start":{"line":205,"column":0},"end":{"line":205,"column":26}},"205":{"start":{"line":206,"column":0},"end":{"line":206,"column":20}},"206":{"start":{"line":207,"column":0},"end":{"line":207,"column":26}},"207":{"start":{"line":208,"column":0},"end":{"line":208,"column":4}},"209":{"start":{"line":210,"column":0},"end":{"line":210,"column":49}},"211":{"start":{"line":212,"column":0},"end":{"line":212,"column":10}},"212":{"start":{"line":213,"column":0},"end":{"line":213,"column":9}},"214":{"start":{"line":215,"column":0},"end":{"line":215,"column":26}},"215":{"start":{"line":216,"column":0},"end":{"line":216,"column":49}},"217":{"start":{"line":218,"column":0},"end":{"line":218,"column":16}},"221":{"start":{"line":222,"column":0},"end":{"line":222,"column":50}},"222":{"start":{"line":223,"column":0},"end":{"line":223,"column":14}},"223":{"start":{"line":224,"column":0},"end":{"line":224,"column":35}},"224":{"start":{"line":225,"column":0},"end":{"line":225,"column":24}},"225":{"start":{"line":226,"column":0},"end":{"line":226,"column":18}},"226":{"start":{"line":227,"column":0},"end":{"line":227,"column":34}},"227":{"start":{"line":228,"column":0},"end":{"line":228,"column":84}},"228":{"start":{"line":229,"column":0},"end":{"line":229,"column":40}},"229":{"start":{"line":230,"column":0},"end":{"line":230,"column":82}},"230":{"start":{"line":231,"column":0},"end":{"line":231,"column":25}},"233":{"start":{"line":234,"column":0},"end":{"line":234,"column":31}},"234":{"start":{"line":235,"column":0},"end":{"line":235,"column":47}},"235":{"start":{"line":236,"column":0},"end":{"line":236,"column":48}},"236":{"start":{"line":237,"column":0},"end":{"line":237,"column":16}},"237":{"start":{"line":238,"column":0},"end":{"line":238,"column":77}},"238":{"start":{"line":239,"column":0},"end":{"line":239,"column":31}},"239":{"start":{"line":240,"column":0},"end":{"line":240,"column":41}},"240":{"start":{"line":241,"column":0},"end":{"line":241,"column":65}},"241":{"start":{"line":242,"column":0},"end":{"line":242,"column":15}},"243":{"start":{"line":244,"column":0},"end":{"line":244,"column":18}},"245":{"start":{"line":246,"column":0},"end":{"line":246,"column":18}},"246":{"start":{"line":247,"column":0},"end":{"line":247,"column":16}},"250":{"start":{"line":251,"column":0},"end":{"line":251,"column":32}},"251":{"start":{"line":252,"column":0},"end":{"line":252,"column":69}},"252":{"start":{"line":253,"column":0},"end":{"line":253,"column":29}},"253":{"start":{"line":254,"column":0},"end":{"line":254,"column":22}},"254":{"start":{"line":255,"column":0},"end":{"line":255,"column":47}},"255":{"start":{"line":256,"column":0},"end":{"line":256,"column":27}},"256":{"start":{"line":257,"column":0},"end":{"line":257,"column":33}},"257":{"start":{"line":258,"column":0},"end":{"line":258,"column":88}},"258":{"start":{"line":259,"column":0},"end":{"line":259,"column":34}},"259":{"start":{"line":260,"column":0},"end":{"line":260,"column":105}},"260":{"start":{"line":261,"column":0},"end":{"line":261,"column":75}},"261":{"start":{"line":262,"column":0},"end":{"line":262,"column":67}},"262":{"start":{"line":263,"column":0},"end":{"line":263,"column":23}},"263":{"start":{"line":264,"column":0},"end":{"line":264,"column":26}},"264":{"start":{"line":265,"column":0},"end":{"line":265,"column":14}},"267":{"start":{"line":268,"column":0},"end":{"line":268,"column":31}},"268":{"start":{"line":269,"column":0},"end":{"line":269,"column":70}},"269":{"start":{"line":270,"column":0},"end":{"line":270,"column":85}},"270":{"start":{"line":271,"column":0},"end":{"line":271,"column":23}},"271":{"start":{"line":272,"column":0},"end":{"line":272,"column":27}},"272":{"start":{"line":273,"column":0},"end":{"line":273,"column":38}},"273":{"start":{"line":274,"column":0},"end":{"line":274,"column":32}},"274":{"start":{"line":275,"column":0},"end":{"line":275,"column":83}},"275":{"start":{"line":276,"column":0},"end":{"line":276,"column":81}},"276":{"start":{"line":277,"column":0},"end":{"line":277,"column":87}},"277":{"start":{"line":278,"column":0},"end":{"line":278,"column":73}},"278":{"start":{"line":279,"column":0},"end":{"line":279,"column":46}},"279":{"start":{"line":280,"column":0},"end":{"line":280,"column":20}},"280":{"start":{"line":281,"column":0},"end":{"line":281,"column":19}},"281":{"start":{"line":282,"column":0},"end":{"line":282,"column":20}},"284":{"start":{"line":285,"column":0},"end":{"line":285,"column":72}},"285":{"start":{"line":286,"column":0},"end":{"line":286,"column":21}},"286":{"start":{"line":287,"column":0},"end":{"line":287,"column":29}},"287":{"start":{"line":288,"column":0},"end":{"line":288,"column":33}},"288":{"start":{"line":289,"column":0},"end":{"line":289,"column":69}},"290":{"start":{"line":291,"column":0},"end":{"line":291,"column":33}},"291":{"start":{"line":292,"column":0},"end":{"line":292,"column":78}},"292":{"start":{"line":293,"column":0},"end":{"line":293,"column":66}},"294":{"start":{"line":295,"column":0},"end":{"line":295,"column":24}},"295":{"start":{"line":296,"column":0},"end":{"line":296,"column":33}},"296":{"start":{"line":297,"column":0},"end":{"line":297,"column":23}},"297":{"start":{"line":298,"column":0},"end":{"line":298,"column":38}},"298":{"start":{"line":299,"column":0},"end":{"line":299,"column":84}},"300":{"start":{"line":301,"column":0},"end":{"line":301,"column":18}},"301":{"start":{"line":302,"column":0},"end":{"line":302,"column":18}},"302":{"start":{"line":303,"column":0},"end":{"line":303,"column":14}},"306":{"start":{"line":307,"column":0},"end":{"line":307,"column":32}},"307":{"start":{"line":308,"column":0},"end":{"line":308,"column":62}},"308":{"start":{"line":309,"column":0},"end":{"line":309,"column":96}},"309":{"start":{"line":310,"column":0},"end":{"line":310,"column":61}},"310":{"start":{"line":311,"column":0},"end":{"line":311,"column":62}},"311":{"start":{"line":312,"column":0},"end":{"line":312,"column":23}},"312":{"start":{"line":313,"column":0},"end":{"line":313,"column":94}},"313":{"start":{"line":314,"column":0},"end":{"line":314,"column":16}},"317":{"start":{"line":318,"column":0},"end":{"line":318,"column":20}},"318":{"start":{"line":319,"column":0},"end":{"line":319,"column":26}},"319":{"start":{"line":320,"column":0},"end":{"line":320,"column":34}},"320":{"start":{"line":321,"column":0},"end":{"line":321,"column":25}},"321":{"start":{"line":322,"column":0},"end":{"line":322,"column":46}},"322":{"start":{"line":323,"column":0},"end":{"line":323,"column":46}},"323":{"start":{"line":324,"column":0},"end":{"line":324,"column":8}},"326":{"start":{"line":327,"column":0},"end":{"line":327,"column":31}},"327":{"start":{"line":328,"column":0},"end":{"line":328,"column":26}},"328":{"start":{"line":329,"column":0},"end":{"line":329,"column":34}},"329":{"start":{"line":330,"column":0},"end":{"line":330,"column":25}},"330":{"start":{"line":331,"column":0},"end":{"line":331,"column":36}},"331":{"start":{"line":332,"column":0},"end":{"line":332,"column":29}},"332":{"start":{"line":333,"column":0},"end":{"line":333,"column":8}},"333":{"start":{"line":334,"column":0},"end":{"line":334,"column":10}},"335":{"start":{"line":336,"column":0},"end":{"line":336,"column":1}},"337":{"start":{"line":338,"column":0},"end":{"line":338,"column":32}}},"s":{"0":1,"42":23,"43":23,"44":23,"45":23,"46":23,"47":23,"48":16,"49":16,"53":13,"55":13,"56":13,"58":7,"59":13,"60":7,"61":7,"65":1,"66":1,"67":1,"68":1,"69":1,"70":1,"71":1,"72":1,"74":1,"75":1,"76":1,"77":1,"78":1,"79":1,"80":1,"92":118,"93":118,"94":118,"95":118,"96":118,"97":118,"98":118,"99":118,"100":118,"101":118,"102":118,"103":118,"104":118,"105":118,"106":118,"107":118,"108":118,"109":118,"110":118,"111":118,"112":118,"113":118,"114":118,"115":118,"116":118,"117":118,"118":118,"120":118,"121":118,"122":118,"123":118,"124":118,"125":118,"126":118,"127":118,"129":118,"143":1,"144":118,"145":118,"146":118,"147":118,"148":118,"149":118,"150":118,"151":118,"152":118,"153":118,"154":118,"155":118,"156":118,"157":118,"158":118,"159":118,"161":118,"162":118,"164":118,"165":23,"166":23,"167":23,"168":16,"169":16,"170":23,"172":118,"173":13,"174":13,"175":13,"176":13,"177":13,"178":13,"179":13,"180":7,"181":7,"182":7,"183":7,"184":7,"185":13,"186":13,"187":6,"188":6,"189":6,"190":6,"191":6,"192":13,"194":118,"195":2,"196":2,"197":2,"198":2,"200":118,"201":2,"202":2,"203":2,"204":2,"205":2,"206":2,"207":2,"209":118,"211":118,"212":118,"214":118,"215":2,"217":2,"221":118,"222":33,"223":33,"224":33,"225":33,"226":33,"227":6,"228":27,"229":7,"230":20,"233":33,"234":33,"235":33,"236":7,"237":7,"238":7,"239":7,"240":7,"241":7,"243":7,"245":33,"246":33,"250":118,"251":111,"252":111,"253":111,"254":111,"255":111,"256":111,"257":111,"258":111,"259":111,"260":111,"261":111,"262":111,"263":111,"264":111,"267":111,"268":80,"269":80,"270":240,"271":240,"272":240,"273":240,"274":240,"275":240,"276":240,"277":240,"278":240,"279":240,"280":80,"281":80,"284":111,"285":111,"286":111,"287":111,"288":111,"290":111,"291":20,"292":20,"294":20,"295":91,"296":111,"297":111,"298":6,"300":111,"301":111,"302":111,"306":118,"307":7,"308":7,"309":7,"310":7,"311":7,"312":7,"313":7,"317":118,"318":118,"319":118,"320":118,"321":118,"322":118,"323":118,"326":118,"327":118,"328":118,"329":118,"330":118,"331":118,"332":118,"333":118,"335":118,"337":1},"branchMap":{"0":{"type":"branch","line":43,"loc":{"start":{"line":43,"column":0},"end":{"line":50,"column":1}},"locations":[{"start":{"line":43,"column":0},"end":{"line":50,"column":1}}]},"1":{"type":"branch","line":45,"loc":{"start":{"line":45,"column":16},"end":{"line":45,"column":35}},"locations":[{"start":{"line":45,"column":16},"end":{"line":45,"column":35}}]},"2":{"type":"branch","line":45,"loc":{"start":{"line":45,"column":35},"end":{"line":45,"column":73}},"locations":[{"start":{"line":45,"column":35},"end":{"line":45,"column":73}}]},"3":{"type":"branch","line":45,"loc":{"start":{"line":45,"column":42},"end":{"line":46,"column":25}},"locations":[{"start":{"line":45,"column":42},"end":{"line":46,"column":25}}]},"4":{"type":"branch","line":46,"loc":{"start":{"line":46,"column":18},"end":{"line":46,"column":58}},"locations":[{"start":{"line":46,"column":18},"end":{"line":46,"column":58}}]},"5":{"type":"branch","line":46,"loc":{"start":{"line":46,"column":25},"end":{"line":47,"column":26}},"locations":[{"start":{"line":46,"column":25},"end":{"line":47,"column":26}}]},"6":{"type":"branch","line":47,"loc":{"start":{"line":47,"column":19},"end":{"line":47,"column":64}},"locations":[{"start":{"line":47,"column":19},"end":{"line":47,"column":64}}]},"7":{"type":"branch","line":47,"loc":{"start":{"line":47,"column":56},"end":{"line":48,"column":26}},"locations":[{"start":{"line":47,"column":56},"end":{"line":48,"column":26}}]},"8":{"type":"branch","line":48,"loc":{"start":{"line":48,"column":19},"end":{"line":48,"column":64}},"locations":[{"start":{"line":48,"column":19},"end":{"line":48,"column":64}}]},"9":{"type":"branch","line":48,"loc":{"start":{"line":48,"column":56},"end":{"line":50,"column":1}},"locations":[{"start":{"line":48,"column":56},"end":{"line":50,"column":1}}]},"10":{"type":"branch","line":54,"loc":{"start":{"line":54,"column":0},"end":{"line":62,"column":1}},"locations":[{"start":{"line":54,"column":0},"end":{"line":62,"column":1}}]},"11":{"type":"branch","line":57,"loc":{"start":{"line":57,"column":28},"end":{"line":57,"column":88}},"locations":[{"start":{"line":57,"column":28},"end":{"line":57,"column":88}}]},"12":{"type":"branch","line":57,"loc":{"start":{"line":57,"column":86},"end":{"line":60,"column":34}},"locations":[{"start":{"line":57,"column":86},"end":{"line":60,"column":34}}]},"13":{"type":"branch","line":60,"loc":{"start":{"line":60,"column":28},"end":{"line":60,"column":85}},"locations":[{"start":{"line":60,"column":28},"end":{"line":60,"column":85}}]},"14":{"type":"branch","line":60,"loc":{"start":{"line":60,"column":83},"end":{"line":62,"column":1}},"locations":[{"start":{"line":60,"column":83},"end":{"line":62,"column":1}}]},"15":{"type":"branch","line":56,"loc":{"start":{"line":56,"column":20},"end":{"line":56,"column":46}},"locations":[{"start":{"line":56,"column":20},"end":{"line":56,"column":46}}]},"16":{"type":"branch","line":59,"loc":{"start":{"line":59,"column":20},"end":{"line":59,"column":45}},"locations":[{"start":{"line":59,"column":20},"end":{"line":59,"column":45}}]},"17":{"type":"branch","line":93,"loc":{"start":{"line":93,"column":0},"end":{"line":130,"column":1}},"locations":[{"start":{"line":93,"column":0},"end":{"line":130,"column":1}}]},"18":{"type":"branch","line":144,"loc":{"start":{"line":144,"column":7},"end":{"line":336,"column":1}},"locations":[{"start":{"line":144,"column":7},"end":{"line":336,"column":1}}]},"19":{"type":"branch","line":154,"loc":{"start":{"line":154,"column":49},"end":{"line":154,"column":89}},"locations":[{"start":{"line":154,"column":49},"end":{"line":154,"column":89}}]},"20":{"type":"branch","line":154,"loc":{"start":{"line":154,"column":85},"end":{"line":154,"column":91}},"locations":[{"start":{"line":154,"column":85},"end":{"line":154,"column":91}}]},"21":{"type":"branch","line":215,"loc":{"start":{"line":215,"column":8},"end":{"line":218,"column":16}},"locations":[{"start":{"line":215,"column":8},"end":{"line":218,"column":16}}]},"22":{"type":"branch","line":222,"loc":{"start":{"line":222,"column":7},"end":{"line":222,"column":50}},"locations":[{"start":{"line":222,"column":7},"end":{"line":222,"column":50}}]},"23":{"type":"branch","line":222,"loc":{"start":{"line":222,"column":44},"end":{"line":247,"column":16}},"locations":[{"start":{"line":222,"column":44},"end":{"line":247,"column":16}}]},"24":{"type":"branch","line":227,"loc":{"start":{"line":227,"column":23},"end":{"line":228,"column":84}},"locations":[{"start":{"line":227,"column":23},"end":{"line":228,"column":84}}]},"25":{"type":"branch","line":228,"loc":{"start":{"line":228,"column":75},"end":{"line":231,"column":25}},"locations":[{"start":{"line":228,"column":75},"end":{"line":231,"column":25}}]},"26":{"type":"branch","line":229,"loc":{"start":{"line":229,"column":27},"end":{"line":230,"column":82}},"locations":[{"start":{"line":229,"column":27},"end":{"line":230,"column":82}}]},"27":{"type":"branch","line":230,"loc":{"start":{"line":230,"column":73},"end":{"line":231,"column":25}},"locations":[{"start":{"line":230,"column":73},"end":{"line":231,"column":25}}]},"28":{"type":"branch","line":236,"loc":{"start":{"line":236,"column":13},"end":{"line":236,"column":48}},"locations":[{"start":{"line":236,"column":13},"end":{"line":236,"column":48}}]},"29":{"type":"branch","line":236,"loc":{"start":{"line":236,"column":34},"end":{"line":244,"column":18}},"locations":[{"start":{"line":236,"column":34},"end":{"line":244,"column":18}}]},"30":{"type":"branch","line":251,"loc":{"start":{"line":251,"column":18},"end":{"line":303,"column":14}},"locations":[{"start":{"line":251,"column":18},"end":{"line":303,"column":14}}]},"31":{"type":"branch","line":260,"loc":{"start":{"line":260,"column":26},"end":{"line":260,"column":105}},"locations":[{"start":{"line":260,"column":26},"end":{"line":260,"column":105}}]},"32":{"type":"branch","line":262,"loc":{"start":{"line":262,"column":24},"end":{"line":262,"column":58}},"locations":[{"start":{"line":262,"column":24},"end":{"line":262,"column":58}}]},"33":{"type":"branch","line":262,"loc":{"start":{"line":262,"column":41},"end":{"line":262,"column":67}},"locations":[{"start":{"line":262,"column":41},"end":{"line":262,"column":67}}]},"34":{"type":"branch","line":268,"loc":{"start":{"line":268,"column":13},"end":{"line":282,"column":20}},"locations":[{"start":{"line":268,"column":13},"end":{"line":282,"column":20}}]},"35":{"type":"branch","line":289,"loc":{"start":{"line":289,"column":26},"end":{"line":289,"column":60}},"locations":[{"start":{"line":289,"column":26},"end":{"line":289,"column":60}}]},"36":{"type":"branch","line":289,"loc":{"start":{"line":289,"column":43},"end":{"line":289,"column":69}},"locations":[{"start":{"line":289,"column":43},"end":{"line":289,"column":69}}]},"37":{"type":"branch","line":291,"loc":{"start":{"line":291,"column":17},"end":{"line":295,"column":24}},"locations":[{"start":{"line":291,"column":17},"end":{"line":295,"column":24}}]},"38":{"type":"branch","line":295,"loc":{"start":{"line":295,"column":18},"end":{"line":296,"column":33}},"locations":[{"start":{"line":295,"column":18},"end":{"line":296,"column":33}}]},"39":{"type":"branch","line":298,"loc":{"start":{"line":298,"column":26},"end":{"line":299,"column":84}},"locations":[{"start":{"line":298,"column":26},"end":{"line":299,"column":84}}]},"40":{"type":"branch","line":307,"loc":{"start":{"line":307,"column":18},"end":{"line":314,"column":16}},"locations":[{"start":{"line":307,"column":18},"end":{"line":314,"column":16}}]},"41":{"type":"branch","line":320,"loc":{"start":{"line":320,"column":16},"end":{"line":320,"column":34}},"locations":[{"start":{"line":320,"column":16},"end":{"line":320,"column":34}}]},"42":{"type":"branch","line":329,"loc":{"start":{"line":329,"column":16},"end":{"line":329,"column":34}},"locations":[{"start":{"line":329,"column":16},"end":{"line":329,"column":34}}]},"43":{"type":"branch","line":331,"loc":{"start":{"line":331,"column":16},"end":{"line":331,"column":36}},"locations":[{"start":{"line":331,"column":16},"end":{"line":331,"column":36}}]},"44":{"type":"branch","line":165,"loc":{"start":{"line":165,"column":27},"end":{"line":171,"column":4}},"locations":[{"start":{"line":165,"column":27},"end":{"line":171,"column":4}}]},"45":{"type":"branch","line":168,"loc":{"start":{"line":168,"column":13},"end":{"line":168,"column":44}},"locations":[{"start":{"line":168,"column":13},"end":{"line":168,"column":44}}]},"46":{"type":"branch","line":168,"loc":{"start":{"line":168,"column":43},"end":{"line":170,"column":25}},"locations":[{"start":{"line":168,"column":43},"end":{"line":170,"column":25}}]},"47":{"type":"branch","line":173,"loc":{"start":{"line":173,"column":24},"end":{"line":193,"column":4}},"locations":[{"start":{"line":173,"column":24},"end":{"line":193,"column":4}}]},"48":{"type":"branch","line":180,"loc":{"start":{"line":180,"column":51},"end":{"line":186,"column":18}},"locations":[{"start":{"line":180,"column":51},"end":{"line":186,"column":18}}]},"49":{"type":"branch","line":186,"loc":{"start":{"line":186,"column":6},"end":{"line":186,"column":38}},"locations":[{"start":{"line":186,"column":6},"end":{"line":186,"column":38}}]},"50":{"type":"branch","line":187,"loc":{"start":{"line":187,"column":4},"end":{"line":192,"column":5}},"locations":[{"start":{"line":187,"column":4},"end":{"line":192,"column":5}}]},"51":{"type":"branch","line":188,"loc":{"start":{"line":188,"column":43},"end":{"line":188,"column":81}},"locations":[{"start":{"line":188,"column":43},"end":{"line":188,"column":81}}]},"52":{"type":"branch","line":191,"loc":{"start":{"line":191,"column":6},"end":{"line":191,"column":23}},"locations":[{"start":{"line":191,"column":6},"end":{"line":191,"column":23}}]},"53":{"type":"branch","line":182,"loc":{"start":{"line":182,"column":24},"end":{"line":182,"column":49}},"locations":[{"start":{"line":182,"column":24},"end":{"line":182,"column":49}}]},"54":{"type":"branch","line":195,"loc":{"start":{"line":195,"column":22},"end":{"line":199,"column":4}},"locations":[{"start":{"line":195,"column":22},"end":{"line":199,"column":4}}]},"55":{"type":"branch","line":201,"loc":{"start":{"line":201,"column":22},"end":{"line":208,"column":4}},"locations":[{"start":{"line":201,"column":22},"end":{"line":208,"column":4}}]},"56":{"type":"branch","line":203,"loc":{"start":{"line":203,"column":55},"end":{"line":203,"column":61}},"locations":[{"start":{"line":203,"column":55},"end":{"line":203,"column":61}}]},"57":{"type":"branch","line":258,"loc":{"start":{"line":258,"column":24},"end":{"line":258,"column":88}},"locations":[{"start":{"line":258,"column":24},"end":{"line":258,"column":88}}]},"58":{"type":"branch","line":270,"loc":{"start":{"line":270,"column":77},"end":{"line":280,"column":20}},"locations":[{"start":{"line":270,"column":77},"end":{"line":280,"column":20}}]},"59":{"type":"branch","line":275,"loc":{"start":{"line":275,"column":57},"end":{"line":275,"column":72}},"locations":[{"start":{"line":275,"column":57},"end":{"line":275,"column":72}}]},"60":{"type":"branch","line":275,"loc":{"start":{"line":275,"column":61},"end":{"line":275,"column":83}},"locations":[{"start":{"line":275,"column":61},"end":{"line":275,"column":83}}]},"61":{"type":"branch","line":276,"loc":{"start":{"line":276,"column":55},"end":{"line":276,"column":71}},"locations":[{"start":{"line":276,"column":55},"end":{"line":276,"column":71}}]},"62":{"type":"branch","line":276,"loc":{"start":{"line":276,"column":59},"end":{"line":276,"column":81}},"locations":[{"start":{"line":276,"column":59},"end":{"line":276,"column":81}}]},"63":{"type":"branch","line":278,"loc":{"start":{"line":278,"column":30},"end":{"line":278,"column":64}},"locations":[{"start":{"line":278,"column":30},"end":{"line":278,"column":64}}]},"64":{"type":"branch","line":278,"loc":{"start":{"line":278,"column":47},"end":{"line":278,"column":73}},"locations":[{"start":{"line":278,"column":47},"end":{"line":278,"column":73}}]},"65":{"type":"branch","line":277,"loc":{"start":{"line":277,"column":29},"end":{"line":277,"column":87}},"locations":[{"start":{"line":277,"column":29},"end":{"line":277,"column":87}}]},"66":{"type":"branch","line":322,"loc":{"start":{"line":322,"column":19},"end":{"line":322,"column":46}},"locations":[{"start":{"line":322,"column":19},"end":{"line":322,"column":46}}]},"67":{"type":"branch","line":323,"loc":{"start":{"line":323,"column":18},"end":{"line":323,"column":46}},"locations":[{"start":{"line":323,"column":18},"end":{"line":323,"column":46}}]}},"b":{"0":[23],"1":[22],"2":[1],"3":[22],"4":[1],"5":[21],"6":[2],"7":[19],"8":[3],"9":[16],"10":[13],"11":[6],"12":[7],"13":[0],"14":[7],"15":[13],"16":[7],"17":[118],"18":[118],"19":[87],"20":[31],"21":[2],"22":[33],"23":[33],"24":[6],"25":[27],"26":[7],"27":[20],"28":[7],"29":[7],"30":[111],"31":[104],"32":[91],"33":[89],"34":[80],"35":[91],"36":[89],"37":[20],"38":[91],"39":[6],"40":[7],"41":[19],"42":[19],"43":[111],"44":[23],"45":[7],"46":[16],"47":[13],"48":[7],"49":[3],"50":[6],"51":[0],"52":[2],"53":[7],"54":[2],"55":[2],"56":[0],"57":[20],"58":[240],"59":[69],"60":[171],"61":[69],"62":[171],"63":[180],"64":[180],"65":[2],"66":[13],"67":[1]},"fnMap":{"0":{"name":"validateAmount","decl":{"start":{"line":43,"column":0},"end":{"line":50,"column":1}},"loc":{"start":{"line":43,"column":0},"end":{"line":50,"column":1}},"line":43},"1":{"name":"signAndSubmit","decl":{"start":{"line":54,"column":0},"end":{"line":62,"column":1}},"loc":{"start":{"line":54,"column":0},"end":{"line":62,"column":1}},"line":54},"2":{"name":"ConfirmDialog","decl":{"start":{"line":93,"column":0},"end":{"line":130,"column":1}},"loc":{"start":{"line":93,"column":0},"end":{"line":130,"column":1}},"line":93},"3":{"name":"ContributionFlow","decl":{"start":{"line":144,"column":7},"end":{"line":336,"column":1}},"loc":{"start":{"line":144,"column":7},"end":{"line":336,"column":1}},"line":144},"4":{"name":"handleSubmitForm","decl":{"start":{"line":165,"column":27},"end":{"line":171,"column":4}},"loc":{"start":{"line":165,"column":27},"end":{"line":171,"column":4}},"line":165},"5":{"name":"handleConfirm","decl":{"start":{"line":173,"column":24},"end":{"line":193,"column":4}},"loc":{"start":{"line":173,"column":24},"end":{"line":193,"column":4}},"line":173},"6":{"name":"handleRetry","decl":{"start":{"line":195,"column":22},"end":{"line":199,"column":4}},"loc":{"start":{"line":195,"column":22},"end":{"line":199,"column":4}},"line":195},"7":{"name":"handleReset","decl":{"start":{"line":201,"column":22},"end":{"line":208,"column":4}},"loc":{"start":{"line":201,"column":22},"end":{"line":208,"column":4}},"line":201},"8":{"name":"onChange","decl":{"start":{"line":258,"column":24},"end":{"line":258,"column":88}},"loc":{"start":{"line":258,"column":24},"end":{"line":258,"column":88}},"line":258},"9":{"name":"onClick","decl":{"start":{"line":277,"column":29},"end":{"line":277,"column":87}},"loc":{"start":{"line":277,"column":29},"end":{"line":277,"column":87}},"line":277},"10":{"name":"onConfirm","decl":{"start":{"line":322,"column":19},"end":{"line":322,"column":46}},"loc":{"start":{"line":322,"column":19},"end":{"line":322,"column":46}},"line":322},"11":{"name":"onCancel","decl":{"start":{"line":323,"column":18},"end":{"line":323,"column":46}},"loc":{"start":{"line":323,"column":18},"end":{"line":323,"column":46}},"line":323}},"f":{"0":23,"1":13,"2":118,"3":118,"4":23,"5":13,"6":2,"7":2,"8":20,"9":2,"10":13,"11":1}}
,"/home/kimani/drips/Stellar-Save/frontend/src/components/GroupCard.tsx": {"path":"/home/kimani/drips/Stellar-Save/frontend/src/components/GroupCard.tsx","all":false,"statementMap":{"0":{"start":{"line":1,"column":0},"end":{"line":1,"column":40}},"54":{"start":{"line":55,"column":0},"end":{"line":55,"column":35}},"56":{"start":{"line":57,"column":0},"end":{"line":57,"column":45}},"57":{"start":{"line":58,"column":0},"end":{"line":58,"column":62}},"58":{"start":{"line":59,"column":0},"end":{"line":59,"column":29}},"59":{"start":{"line":60,"column":0},"end":{"line":60,"column":29}},"60":{"start":{"line":61,"column":0},"end":{"line":61,"column":5}},"61":{"start":{"line":62,"column":0},"end":{"line":62,"column":1}},"63":{"start":{"line":64,"column":0},"end":{"line":64,"column":27}},"64":{"start":{"line":65,"column":0},"end":{"line":65,"column":25}},"65":{"start":{"line":66,"column":0},"end":{"line":66,"column":23}},"66":{"start":{"line":67,"column":0},"end":{"line":67,"column":28}},"67":{"start":{"line":68,"column":0},"end":{"line":68,"column":16}},"68":{"start":{"line":69,"column":0},"end":{"line":69,"column":56}},"69":{"start":{"line":70,"column":0},"end":{"line":70,"column":22}},"70":{"start":{"line":71,"column":0},"end":{"line":71,"column":72}},"71":{"start":{"line":72,"column":0},"end":{"line":72,"column":32}},"72":{"start":{"line":73,"column":0},"end":{"line":73,"column":1}},"74":{"start":{"line":75,"column":0},"end":{"line":75,"column":60}},"75":{"start":{"line":76,"column":0},"end":{"line":76,"column":24}},"76":{"start":{"line":77,"column":0},"end":{"line":77,"column":95}},"77":{"start":{"line":78,"column":0},"end":{"line":78,"column":1}},"97":{"start":{"line":98,"column":0},"end":{"line":98,"column":22}},"98":{"start":{"line":99,"column":0},"end":{"line":99,"column":10}},"99":{"start":{"line":100,"column":0},"end":{"line":100,"column":12}},"100":{"start":{"line":101,"column":0},"end":{"line":101,"column":14}},"101":{"start":{"line":102,"column":0},"end":{"line":102,"column":21}},"102":{"start":{"line":103,"column":0},"end":{"line":103,"column":9}},"103":{"start":{"line":104,"column":0},"end":{"line":104,"column":15}},"104":{"start":{"line":105,"column":0},"end":{"line":105,"column":17}},"105":{"start":{"line":106,"column":0},"end":{"line":106,"column":14}},"106":{"start":{"line":107,"column":0},"end":{"line":107,"column":11}},"107":{"start":{"line":108,"column":0},"end":{"line":108,"column":10}},"108":{"start":{"line":109,"column":0},"end":{"line":109,"column":16}},"109":{"start":{"line":110,"column":0},"end":{"line":110,"column":9}},"110":{"start":{"line":111,"column":0},"end":{"line":111,"column":17}},"111":{"start":{"line":112,"column":0},"end":{"line":112,"column":17}},"112":{"start":{"line":113,"column":0},"end":{"line":113,"column":70}},"114":{"start":{"line":115,"column":0},"end":{"line":115,"column":52}},"115":{"start":{"line":116,"column":0},"end":{"line":116,"column":60}},"116":{"start":{"line":117,"column":0},"end":{"line":117,"column":16}},"117":{"start":{"line":118,"column":0},"end":{"line":118,"column":4}},"119":{"start":{"line":120,"column":0},"end":{"line":120,"column":19}},"120":{"start":{"line":121,"column":0},"end":{"line":121,"column":6}},"121":{"start":{"line":122,"column":0},"end":{"line":122,"column":20}},"122":{"start":{"line":123,"column":0},"end":{"line":123,"column":42}},"123":{"start":{"line":124,"column":0},"end":{"line":124,"column":48}},"124":{"start":{"line":125,"column":0},"end":{"line":125,"column":14}},"127":{"start":{"line":128,"column":0},"end":{"line":128,"column":41}},"128":{"start":{"line":129,"column":0},"end":{"line":129,"column":57}},"129":{"start":{"line":130,"column":0},"end":{"line":130,"column":38}},"130":{"start":{"line":131,"column":0},"end":{"line":131,"column":12}},"132":{"start":{"line":133,"column":0},"end":{"line":133,"column":23}},"133":{"start":{"line":134,"column":0},"end":{"line":134,"column":48}},"134":{"start":{"line":135,"column":0},"end":{"line":135,"column":30}},"135":{"start":{"line":136,"column":0},"end":{"line":136,"column":14}},"138":{"start":{"line":139,"column":0},"end":{"line":139,"column":39}},"139":{"start":{"line":140,"column":0},"end":{"line":140,"column":42}},"140":{"start":{"line":141,"column":0},"end":{"line":141,"column":43}},"141":{"start":{"line":142,"column":0},"end":{"line":142,"column":71}},"142":{"start":{"line":143,"column":0},"end":{"line":143,"column":79}},"143":{"start":{"line":144,"column":0},"end":{"line":144,"column":16}},"144":{"start":{"line":145,"column":0},"end":{"line":145,"column":43}},"145":{"start":{"line":146,"column":0},"end":{"line":146,"column":66}},"146":{"start":{"line":147,"column":0},"end":{"line":147,"column":72}},"147":{"start":{"line":148,"column":0},"end":{"line":148,"column":16}},"148":{"start":{"line":149,"column":0},"end":{"line":149,"column":43}},"149":{"start":{"line":150,"column":0},"end":{"line":150,"column":64}},"150":{"start":{"line":151,"column":0},"end":{"line":151,"column":73}},"151":{"start":{"line":152,"column":0},"end":{"line":152,"column":16}},"152":{"start":{"line":153,"column":0},"end":{"line":153,"column":43}},"153":{"start":{"line":154,"column":0},"end":{"line":154,"column":70}},"154":{"start":{"line":155,"column":0},"end":{"line":155,"column":80}},"155":{"start":{"line":156,"column":0},"end":{"line":156,"column":42}},"156":{"start":{"line":157,"column":0},"end":{"line":157,"column":19}},"157":{"start":{"line":158,"column":0},"end":{"line":158,"column":16}},"158":{"start":{"line":159,"column":0},"end":{"line":159,"column":14}},"159":{"start":{"line":160,"column":0},"end":{"line":160,"column":12}},"161":{"start":{"line":162,"column":0},"end":{"line":162,"column":41}},"162":{"start":{"line":163,"column":0},"end":{"line":163,"column":27}},"163":{"start":{"line":164,"column":0},"end":{"line":164,"column":17}},"164":{"start":{"line":165,"column":0},"end":{"line":165,"column":31}},"165":{"start":{"line":166,"column":0},"end":{"line":166,"column":21}},"166":{"start":{"line":167,"column":0},"end":{"line":167,"column":70}},"167":{"start":{"line":168,"column":0},"end":{"line":168,"column":11}},"169":{"start":{"line":170,"column":0},"end":{"line":170,"column":19}},"171":{"start":{"line":172,"column":0},"end":{"line":172,"column":20}},"172":{"start":{"line":173,"column":0},"end":{"line":173,"column":17}},"173":{"start":{"line":174,"column":0},"end":{"line":174,"column":29}},"174":{"start":{"line":175,"column":0},"end":{"line":175,"column":21}},"175":{"start":{"line":176,"column":0},"end":{"line":176,"column":63}},"176":{"start":{"line":177,"column":0},"end":{"line":177,"column":11}},"178":{"start":{"line":179,"column":0},"end":{"line":179,"column":19}},"180":{"start":{"line":181,"column":0},"end":{"line":181,"column":12}},"181":{"start":{"line":182,"column":0},"end":{"line":182,"column":7}},"184":{"start":{"line":185,"column":0},"end":{"line":185,"column":16}},"185":{"start":{"line":186,"column":0},"end":{"line":186,"column":12}},"186":{"start":{"line":187,"column":0},"end":{"line":187,"column":11}},"187":{"start":{"line":188,"column":0},"end":{"line":188,"column":44}},"188":{"start":{"line":189,"column":0},"end":{"line":189,"column":27}},"189":{"start":{"line":190,"column":0},"end":{"line":190,"column":60}},"190":{"start":{"line":191,"column":0},"end":{"line":191,"column":33}},"192":{"start":{"line":193,"column":0},"end":{"line":193,"column":17}},"193":{"start":{"line":194,"column":0},"end":{"line":194,"column":13}},"195":{"start":{"line":196,"column":0},"end":{"line":196,"column":3}},"197":{"start":{"line":198,"column":0},"end":{"line":198,"column":10}},"198":{"start":{"line":199,"column":0},"end":{"line":199,"column":55}},"199":{"start":{"line":200,"column":0},"end":{"line":200,"column":15}},"200":{"start":{"line":201,"column":0},"end":{"line":201,"column":10}},"202":{"start":{"line":203,"column":0},"end":{"line":203,"column":1}},"216":{"start":{"line":217,"column":0},"end":{"line":217,"column":50}},"217":{"start":{"line":218,"column":0},"end":{"line":218,"column":83}},"220":{"start":{"line":221,"column":0},"end":{"line":221,"column":47}},"221":{"start":{"line":222,"column":0},"end":{"line":222,"column":39}},"222":{"start":{"line":223,"column":0},"end":{"line":223,"column":77}},"223":{"start":{"line":224,"column":0},"end":{"line":224,"column":25}},"224":{"start":{"line":225,"column":0},"end":{"line":225,"column":22}},"225":{"start":{"line":226,"column":0},"end":{"line":226,"column":5}},"227":{"start":{"line":228,"column":0},"end":{"line":228,"column":20}},"228":{"start":{"line":229,"column":0},"end":{"line":229,"column":48}},"230":{"start":{"line":231,"column":0},"end":{"line":231,"column":25}},"231":{"start":{"line":232,"column":0},"end":{"line":232,"column":14}},"232":{"start":{"line":233,"column":0},"end":{"line":233,"column":67}},"233":{"start":{"line":234,"column":0},"end":{"line":234,"column":46}},"234":{"start":{"line":235,"column":0},"end":{"line":235,"column":78}},"235":{"start":{"line":236,"column":0},"end":{"line":236,"column":14}},"236":{"start":{"line":237,"column":0},"end":{"line":237,"column":14}},"238":{"start":{"line":239,"column":0},"end":{"line":239,"column":5}},"240":{"start":{"line":241,"column":0},"end":{"line":241,"column":96}},"241":{"start":{"line":242,"column":0},"end":{"line":242,"column":79}},"243":{"start":{"line":244,"column":0},"end":{"line":244,"column":12}},"244":{"start":{"line":245,"column":0},"end":{"line":245,"column":18}},"245":{"start":{"line":246,"column":0},"end":{"line":246,"column":25}},"246":{"start":{"line":247,"column":0},"end":{"line":247,"column":29}},"247":{"start":{"line":248,"column":0},"end":{"line":248,"column":38}},"248":{"start":{"line":249,"column":0},"end":{"line":249,"column":38}},"249":{"start":{"line":250,"column":0},"end":{"line":250,"column":38}},"250":{"start":{"line":251,"column":0},"end":{"line":251,"column":40}},"251":{"start":{"line":252,"column":0},"end":{"line":252,"column":35}},"252":{"start":{"line":253,"column":0},"end":{"line":253,"column":38}},"253":{"start":{"line":254,"column":0},"end":{"line":254,"column":32}},"254":{"start":{"line":255,"column":0},"end":{"line":255,"column":31}},"255":{"start":{"line":256,"column":0},"end":{"line":256,"column":43}},"256":{"start":{"line":257,"column":0},"end":{"line":257,"column":29}},"257":{"start":{"line":258,"column":0},"end":{"line":258,"column":35}},"258":{"start":{"line":259,"column":0},"end":{"line":259,"column":8}},"260":{"start":{"line":261,"column":0},"end":{"line":261,"column":3}},"263":{"start":{"line":264,"column":0},"end":{"line":264,"column":42}},"264":{"start":{"line":265,"column":0},"end":{"line":265,"column":93}},"266":{"start":{"line":267,"column":0},"end":{"line":267,"column":10}},"267":{"start":{"line":268,"column":0},"end":{"line":268,"column":16}},"268":{"start":{"line":269,"column":0},"end":{"line":269,"column":25}},"269":{"start":{"line":270,"column":0},"end":{"line":270,"column":29}},"270":{"start":{"line":271,"column":0},"end":{"line":271,"column":33}},"271":{"start":{"line":272,"column":0},"end":{"line":272,"column":36}},"272":{"start":{"line":273,"column":0},"end":{"line":273,"column":35}},"273":{"start":{"line":274,"column":0},"end":{"line":274,"column":40}},"274":{"start":{"line":275,"column":0},"end":{"line":275,"column":39}},"275":{"start":{"line":276,"column":0},"end":{"line":276,"column":33}},"276":{"start":{"line":277,"column":0},"end":{"line":277,"column":27}},"277":{"start":{"line":278,"column":0},"end":{"line":278,"column":25}},"278":{"start":{"line":279,"column":0},"end":{"line":279,"column":37}},"279":{"start":{"line":280,"column":0},"end":{"line":280,"column":23}},"280":{"start":{"line":281,"column":0},"end":{"line":281,"column":29}},"281":{"start":{"line":282,"column":0},"end":{"line":282,"column":6}},"283":{"start":{"line":284,"column":0},"end":{"line":284,"column":1}}},"s":{"0":1,"54":1,"56":7,"57":7,"58":7,"59":7,"60":7,"61":7,"63":7,"64":7,"65":7,"66":7,"67":7,"68":7,"69":7,"70":7,"71":7,"72":7,"74":35,"75":35,"76":8,"77":8,"97":35,"98":35,"99":35,"100":35,"101":35,"102":35,"103":35,"104":35,"105":35,"106":35,"107":35,"108":35,"109":35,"110":35,"111":35,"112":35,"114":35,"115":1,"116":1,"117":1,"119":35,"120":35,"121":35,"122":8,"123":8,"124":8,"127":35,"128":35,"129":35,"130":35,"132":35,"133":8,"134":8,"135":8,"138":35,"139":35,"140":35,"141":35,"142":35,"143":35,"144":35,"145":35,"146":35,"147":35,"148":35,"149":35,"150":35,"151":35,"152":35,"153":35,"154":35,"155":35,"156":35,"157":35,"158":35,"159":35,"161":35,"162":35,"163":4,"164":4,"165":4,"166":4,"167":4,"169":4,"171":35,"172":5,"173":5,"174":5,"175":5,"176":5,"178":5,"180":35,"181":35,"184":35,"185":8,"186":8,"187":8,"188":8,"189":8,"190":8,"192":8,"193":8,"195":8,"197":27,"198":27,"199":27,"200":27,"202":27,"216":1,"217":49,"220":49,"221":49,"222":49,"223":49,"224":49,"225":49,"227":49,"228":21,"230":21,"231":3,"232":3,"233":3,"234":3,"235":3,"236":3,"238":3,"240":7,"241":7,"243":7,"244":7,"245":7,"246":7,"247":7,"248":7,"249":7,"250":7,"251":7,"252":7,"253":7,"254":7,"255":7,"256":7,"257":7,"258":7,"260":7,"263":28,"264":49,"266":49,"267":49,"268":49,"269":49,"270":49,"271":49,"272":49,"273":49,"274":49,"275":49,"276":49,"277":49,"278":49,"279":49,"280":49,"281":49,"283":49},"branchMap":{"0":{"type":"branch","line":57,"loc":{"start":{"line":57,"column":0},"end":{"line":62,"column":1}},"locations":[{"start":{"line":57,"column":0},"end":{"line":62,"column":1}}]},"1":{"type":"branch","line":64,"loc":{"start":{"line":64,"column":0},"end":{"line":73,"column":1}},"locations":[{"start":{"line":64,"column":0},"end":{"line":73,"column":1}}]},"2":{"type":"branch","line":69,"loc":{"start":{"line":69,"column":44},"end":{"line":69,"column":56}},"locations":[{"start":{"line":69,"column":44},"end":{"line":69,"column":56}}]},"3":{"type":"branch","line":75,"loc":{"start":{"line":75,"column":0},"end":{"line":78,"column":1}},"locations":[{"start":{"line":75,"column":0},"end":{"line":78,"column":1}}]},"4":{"type":"branch","line":76,"loc":{"start":{"line":76,"column":13},"end":{"line":76,"column":24}},"locations":[{"start":{"line":76,"column":13},"end":{"line":76,"column":24}}]},"5":{"type":"branch","line":76,"loc":{"start":{"line":76,"column":20},"end":{"line":78,"column":1}},"locations":[{"start":{"line":76,"column":20},"end":{"line":78,"column":1}}]},"6":{"type":"branch","line":98,"loc":{"start":{"line":98,"column":0},"end":{"line":203,"column":1}},"locations":[{"start":{"line":98,"column":0},"end":{"line":203,"column":1}}]},"7":{"type":"branch","line":122,"loc":{"start":{"line":122,"column":7},"end":{"line":125,"column":14}},"locations":[{"start":{"line":122,"column":7},"end":{"line":125,"column":14}}]},"8":{"type":"branch","line":133,"loc":{"start":{"line":133,"column":7},"end":{"line":136,"column":14}},"locations":[{"start":{"line":133,"column":7},"end":{"line":136,"column":14}}]},"9":{"type":"branch","line":163,"loc":{"start":{"line":163,"column":9},"end":{"line":170,"column":19}},"locations":[{"start":{"line":163,"column":9},"end":{"line":170,"column":19}}]},"10":{"type":"branch","line":172,"loc":{"start":{"line":172,"column":9},"end":{"line":179,"column":19}},"locations":[{"start":{"line":172,"column":9},"end":{"line":179,"column":19}}]},"11":{"type":"branch","line":185,"loc":{"start":{"line":185,"column":15},"end":{"line":196,"column":3}},"locations":[{"start":{"line":185,"column":15},"end":{"line":196,"column":3}}]},"12":{"type":"branch","line":196,"loc":{"start":{"line":196,"column":2},"end":{"line":203,"column":1}},"locations":[{"start":{"line":196,"column":2},"end":{"line":203,"column":1}}]},"13":{"type":"branch","line":115,"loc":{"start":{"line":115,"column":26},"end":{"line":118,"column":4}},"locations":[{"start":{"line":115,"column":26},"end":{"line":118,"column":4}}]},"14":{"type":"branch","line":116,"loc":{"start":{"line":116,"column":53},"end":{"line":116,"column":60}},"locations":[{"start":{"line":116,"column":53},"end":{"line":116,"column":60}}]},"15":{"type":"branch","line":167,"loc":{"start":{"line":167,"column":21},"end":{"line":167,"column":70}},"locations":[{"start":{"line":167,"column":21},"end":{"line":167,"column":70}}]},"16":{"type":"branch","line":176,"loc":{"start":{"line":176,"column":21},"end":{"line":176,"column":63}},"locations":[{"start":{"line":176,"column":21},"end":{"line":176,"column":63}}]},"17":{"type":"branch","line":217,"loc":{"start":{"line":217,"column":7},"end":{"line":284,"column":1}},"locations":[{"start":{"line":217,"column":7},"end":{"line":284,"column":1}}]},"18":{"type":"branch","line":218,"loc":{"start":{"line":218,"column":40},"end":{"line":218,"column":83}},"locations":[{"start":{"line":218,"column":40},"end":{"line":218,"column":83}}]},"19":{"type":"branch","line":228,"loc":{"start":{"line":228,"column":19},"end":{"line":261,"column":3}},"locations":[{"start":{"line":228,"column":19},"end":{"line":261,"column":3}}]},"20":{"type":"branch","line":229,"loc":{"start":{"line":229,"column":19},"end":{"line":229,"column":48}},"locations":[{"start":{"line":229,"column":19},"end":{"line":229,"column":48}}]},"21":{"type":"branch","line":229,"loc":{"start":{"line":229,"column":45},"end":{"line":231,"column":17}},"locations":[{"start":{"line":229,"column":45},"end":{"line":231,"column":17}}]},"22":{"type":"branch","line":231,"loc":{"start":{"line":231,"column":8},"end":{"line":231,"column":24}},"locations":[{"start":{"line":231,"column":8},"end":{"line":231,"column":24}}]},"23":{"type":"branch","line":231,"loc":{"start":{"line":231,"column":24},"end":{"line":239,"column":5}},"locations":[{"start":{"line":231,"column":24},"end":{"line":239,"column":5}}]},"24":{"type":"branch","line":235,"loc":{"start":{"line":235,"column":30},"end":{"line":235,"column":54}},"locations":[{"start":{"line":235,"column":30},"end":{"line":235,"column":54}}]},"25":{"type":"branch","line":235,"loc":{"start":{"line":235,"column":44},"end":{"line":235,"column":78}},"locations":[{"start":{"line":235,"column":44},"end":{"line":235,"column":78}}]},"26":{"type":"branch","line":239,"loc":{"start":{"line":239,"column":4},"end":{"line":261,"column":3}},"locations":[{"start":{"line":239,"column":4},"end":{"line":261,"column":3}}]},"27":{"type":"branch","line":261,"loc":{"start":{"line":261,"column":2},"end":{"line":265,"column":48}},"locations":[{"start":{"line":261,"column":2},"end":{"line":265,"column":48}}]},"28":{"type":"branch","line":265,"loc":{"start":{"line":265,"column":26},"end":{"line":265,"column":51}},"locations":[{"start":{"line":265,"column":26},"end":{"line":265,"column":51}}]},"29":{"type":"branch","line":265,"loc":{"start":{"line":265,"column":73},"end":{"line":265,"column":90}},"locations":[{"start":{"line":265,"column":73},"end":{"line":265,"column":90}}]},"30":{"type":"branch","line":273,"loc":{"start":{"line":273,"column":16},"end":{"line":273,"column":35}},"locations":[{"start":{"line":273,"column":16},"end":{"line":273,"column":35}}]},"31":{"type":"branch","line":274,"loc":{"start":{"line":274,"column":22},"end":{"line":274,"column":40}},"locations":[{"start":{"line":274,"column":22},"end":{"line":274,"column":40}}]},"32":{"type":"branch","line":223,"loc":{"start":{"line":223,"column":13},"end":{"line":223,"column":77}},"locations":[{"start":{"line":223,"column":13},"end":{"line":223,"column":77}}]}},"b":{"0":[7],"1":[7],"2":[0],"3":[35],"4":[27],"5":[8],"6":[35],"7":[8],"8":[8],"9":[4],"10":[5],"11":[8],"12":[27],"13":[1],"14":[0],"15":[2],"16":[3],"17":[49],"18":[22],"19":[21],"20":[11],"21":[10],"22":[8],"23":[3],"24":[1],"25":[2],"26":[7],"27":[28],"28":[0],"29":[27],"30":[25],"31":[27],"32":[11]},"fnMap":{"0":{"name":"formatXlm","decl":{"start":{"line":57,"column":0},"end":{"line":62,"column":1}},"loc":{"start":{"line":57,"column":0},"end":{"line":62,"column":1}},"line":57},"1":{"name":"computeNextPayout","decl":{"start":{"line":64,"column":0},"end":{"line":73,"column":1}},"loc":{"start":{"line":64,"column":0},"end":{"line":73,"column":1}},"line":64},"2":{"name":"formatDate","decl":{"start":{"line":75,"column":0},"end":{"line":78,"column":1}},"loc":{"start":{"line":75,"column":0},"end":{"line":78,"column":1}},"line":75},"3":{"name":"GroupCardUI","decl":{"start":{"line":98,"column":0},"end":{"line":203,"column":1}},"loc":{"start":{"line":98,"column":0},"end":{"line":203,"column":1}},"line":98},"4":{"name":"handleCardClick","decl":{"start":{"line":115,"column":26},"end":{"line":118,"column":4}},"loc":{"start":{"line":115,"column":26},"end":{"line":118,"column":4}},"line":115},"5":{"name":"onClick","decl":{"start":{"line":167,"column":21},"end":{"line":167,"column":70}},"loc":{"start":{"line":167,"column":21},"end":{"line":167,"column":70}},"line":167},"6":{"name":"onClick","decl":{"start":{"line":176,"column":21},"end":{"line":176,"column":63}},"loc":{"start":{"line":176,"column":21},"end":{"line":176,"column":63}},"line":176},"7":{"name":"GroupCard","decl":{"start":{"line":217,"column":7},"end":{"line":284,"column":1}},"loc":{"start":{"line":217,"column":7},"end":{"line":284,"column":1}},"line":217},"8":{"name":"queryFn","decl":{"start":{"line":223,"column":13},"end":{"line":223,"column":77}},"loc":{"start":{"line":223,"column":13},"end":{"line":223,"column":77}},"line":223}},"f":{"0":7,"1":7,"2":35,"3":35,"4":1,"5":2,"6":3,"7":49,"8":11}}
,"/home/kimani/drips/Stellar-Save/frontend/src/components/TransactionHistory.tsx": {"path":"/home/kimani/drips/Stellar-Save/frontend/src/components/TransactionHistory.tsx","all":false,"statementMap":{"0":{"start":{"line":1,"column":0},"end":{"line":1,"column":3}},"32":{"start":{"line":33,"column":0},"end":{"line":33,"column":46}},"33":{"start":{"line":34,"column":0},"end":{"line":34,"column":49}},"34":{"start":{"line":35,"column":0},"end":{"line":35,"column":41}},"35":{"start":{"line":36,"column":0},"end":{"line":36,"column":53}},"36":{"start":{"line":37,"column":0},"end":{"line":37,"column":2}},"51":{"start":{"line":52,"column":0},"end":{"line":52,"column":40}},"52":{"start":{"line":53,"column":0},"end":{"line":53,"column":18}},"53":{"start":{"line":54,"column":0},"end":{"line":54,"column":18}},"54":{"start":{"line":55,"column":0},"end":{"line":55,"column":22}},"55":{"start":{"line":56,"column":0},"end":{"line":56,"column":27}},"56":{"start":{"line":57,"column":0},"end":{"line":57,"column":61}},"57":{"start":{"line":58,"column":0},"end":{"line":58,"column":73}},"59":{"start":{"line":60,"column":0},"end":{"line":60,"column":31}},"60":{"start":{"line":61,"column":0},"end":{"line":61,"column":63}},"62":{"start":{"line":63,"column":0},"end":{"line":63,"column":82}},"63":{"start":{"line":64,"column":0},"end":{"line":64,"column":48}},"65":{"start":{"line":66,"column":0},"end":{"line":66,"column":16}},"66":{"start":{"line":67,"column":0},"end":{"line":67,"column":86}},"67":{"start":{"line":68,"column":0},"end":{"line":68,"column":31}},"68":{"start":{"line":69,"column":0},"end":{"line":69,"column":15}},"69":{"start":{"line":70,"column":0},"end":{"line":70,"column":31}},"70":{"start":{"line":71,"column":0},"end":{"line":71,"column":30}},"71":{"start":{"line":72,"column":0},"end":{"line":72,"column":78}},"72":{"start":{"line":73,"column":0},"end":{"line":73,"column":46}},"73":{"start":{"line":74,"column":0},"end":{"line":74,"column":81}},"74":{"start":{"line":75,"column":0},"end":{"line":75,"column":30}},"75":{"start":{"line":76,"column":0},"end":{"line":76,"column":15}},"76":{"start":{"line":77,"column":0},"end":{"line":77,"column":19}},"77":{"start":{"line":78,"column":0},"end":{"line":78,"column":24}},"78":{"start":{"line":79,"column":0},"end":{"line":79,"column":21}},"79":{"start":{"line":80,"column":0},"end":{"line":80,"column":8}},"80":{"start":{"line":81,"column":0},"end":{"line":81,"column":1}},"84":{"start":{"line":85,"column":0},"end":{"line":85,"column":42}},"85":{"start":{"line":86,"column":0},"end":{"line":86,"column":245}},"86":{"start":{"line":87,"column":0},"end":{"line":87,"column":234}},"87":{"start":{"line":88,"column":0},"end":{"line":88,"column":245}},"88":{"start":{"line":89,"column":0},"end":{"line":89,"column":223}},"89":{"start":{"line":90,"column":0},"end":{"line":90,"column":221}},"90":{"start":{"line":91,"column":0},"end":{"line":91,"column":2}},"94":{"start":{"line":95,"column":0},"end":{"line":95,"column":94}},"95":{"start":{"line":96,"column":0},"end":{"line":96,"column":21}},"96":{"start":{"line":97,"column":0},"end":{"line":97,"column":21}},"97":{"start":{"line":98,"column":0},"end":{"line":98,"column":22}},"98":{"start":{"line":99,"column":0},"end":{"line":99,"column":18}},"99":{"start":{"line":100,"column":0},"end":{"line":100,"column":23}},"100":{"start":{"line":101,"column":0},"end":{"line":101,"column":19}},"101":{"start":{"line":102,"column":0},"end":{"line":102,"column":2}},"103":{"start":{"line":104,"column":0},"end":{"line":104,"column":54}},"104":{"start":{"line":105,"column":0},"end":{"line":105,"column":44}},"105":{"start":{"line":106,"column":0},"end":{"line":106,"column":49}},"106":{"start":{"line":107,"column":0},"end":{"line":107,"column":51}},"108":{"start":{"line":109,"column":0},"end":{"line":109,"column":10}},"109":{"start":{"line":110,"column":0},"end":{"line":110,"column":5}},"110":{"start":{"line":111,"column":0},"end":{"line":111,"column":25}},"111":{"start":{"line":112,"column":0},"end":{"line":112,"column":25}},"112":{"start":{"line":113,"column":0},"end":{"line":113,"column":17}},"113":{"start":{"line":114,"column":0},"end":{"line":114,"column":40}},"114":{"start":{"line":115,"column":0},"end":{"line":115,"column":95}},"115":{"start":{"line":116,"column":0},"end":{"line":116,"column":21}},"116":{"start":{"line":117,"column":0},"end":{"line":117,"column":6}},"117":{"start":{"line":118,"column":0},"end":{"line":118,"column":5}},"118":{"start":{"line":119,"column":0},"end":{"line":119,"column":20}},"119":{"start":{"line":120,"column":0},"end":{"line":120,"column":25}},"120":{"start":{"line":121,"column":0},"end":{"line":121,"column":17}},"121":{"start":{"line":122,"column":0},"end":{"line":122,"column":21}},"122":{"start":{"line":123,"column":0},"end":{"line":123,"column":74}},"123":{"start":{"line":124,"column":0},"end":{"line":124,"column":13}},"124":{"start":{"line":125,"column":0},"end":{"line":125,"column":36}},"125":{"start":{"line":126,"column":0},"end":{"line":126,"column":22}},"126":{"start":{"line":127,"column":0},"end":{"line":127,"column":62}},"127":{"start":{"line":128,"column":0},"end":{"line":128,"column":63}},"128":{"start":{"line":129,"column":0},"end":{"line":129,"column":10}},"130":{"start":{"line":131,"column":0},"end":{"line":131,"column":6}},"131":{"start":{"line":132,"column":0},"end":{"line":132,"column":5}},"132":{"start":{"line":133,"column":0},"end":{"line":133,"column":22}},"133":{"start":{"line":134,"column":0},"end":{"line":134,"column":27}},"134":{"start":{"line":135,"column":0},"end":{"line":135,"column":17}},"135":{"start":{"line":136,"column":0},"end":{"line":136,"column":21}},"136":{"start":{"line":137,"column":0},"end":{"line":137,"column":78}},"137":{"start":{"line":138,"column":0},"end":{"line":138,"column":74}},"138":{"start":{"line":139,"column":0},"end":{"line":139,"column":52}},"139":{"start":{"line":140,"column":0},"end":{"line":140,"column":16}},"140":{"start":{"line":141,"column":0},"end":{"line":141,"column":21}},"141":{"start":{"line":142,"column":0},"end":{"line":142,"column":27}},"142":{"start":{"line":143,"column":0},"end":{"line":143,"column":28}},"143":{"start":{"line":144,"column":0},"end":{"line":144,"column":60}},"145":{"start":{"line":146,"column":0},"end":{"line":146,"column":49}},"146":{"start":{"line":147,"column":0},"end":{"line":147,"column":23}},"148":{"start":{"line":149,"column":0},"end":{"line":149,"column":8}},"149":{"start":{"line":150,"column":0},"end":{"line":150,"column":6}},"150":{"start":{"line":151,"column":0},"end":{"line":151,"column":5}},"151":{"start":{"line":152,"column":0},"end":{"line":152,"column":25}},"152":{"start":{"line":153,"column":0},"end":{"line":153,"column":26}},"153":{"start":{"line":154,"column":0},"end":{"line":154,"column":16}},"154":{"start":{"line":155,"column":0},"end":{"line":155,"column":21}},"155":{"start":{"line":156,"column":0},"end":{"line":156,"column":6}},"156":{"start":{"line":157,"column":0},"end":{"line":157,"column":5}},"157":{"start":{"line":158,"column":0},"end":{"line":158,"column":20}},"158":{"start":{"line":159,"column":0},"end":{"line":159,"column":25}},"159":{"start":{"line":160,"column":0},"end":{"line":160,"column":17}},"160":{"start":{"line":161,"column":0},"end":{"line":161,"column":22}},"161":{"start":{"line":162,"column":0},"end":{"line":162,"column":74}},"162":{"start":{"line":163,"column":0},"end":{"line":163,"column":71}},"163":{"start":{"line":164,"column":0},"end":{"line":164,"column":24}},"164":{"start":{"line":165,"column":0},"end":{"line":165,"column":21}},"166":{"start":{"line":167,"column":0},"end":{"line":167,"column":6}},"167":{"start":{"line":168,"column":0},"end":{"line":168,"column":5}},"168":{"start":{"line":169,"column":0},"end":{"line":169,"column":20}},"169":{"start":{"line":170,"column":0},"end":{"line":170,"column":25}},"170":{"start":{"line":171,"column":0},"end":{"line":171,"column":14}},"171":{"start":{"line":172,"column":0},"end":{"line":172,"column":20}},"172":{"start":{"line":173,"column":0},"end":{"line":173,"column":22}},"173":{"start":{"line":174,"column":0},"end":{"line":174,"column":74}},"174":{"start":{"line":175,"column":0},"end":{"line":175,"column":68}},"175":{"start":{"line":176,"column":0},"end":{"line":176,"column":31}},"176":{"start":{"line":177,"column":0},"end":{"line":177,"column":21}},"178":{"start":{"line":179,"column":0},"end":{"line":179,"column":6}},"179":{"start":{"line":180,"column":0},"end":{"line":180,"column":5}},"180":{"start":{"line":181,"column":0},"end":{"line":181,"column":22}},"181":{"start":{"line":182,"column":0},"end":{"line":182,"column":27}},"182":{"start":{"line":183,"column":0},"end":{"line":183,"column":17}},"183":{"start":{"line":184,"column":0},"end":{"line":184,"column":21}},"184":{"start":{"line":185,"column":0},"end":{"line":185,"column":74}},"185":{"start":{"line":186,"column":0},"end":{"line":186,"column":13}},"186":{"start":{"line":187,"column":0},"end":{"line":187,"column":30}},"187":{"start":{"line":188,"column":0},"end":{"line":188,"column":22}},"188":{"start":{"line":189,"column":0},"end":{"line":189,"column":107}},"189":{"start":{"line":190,"column":0},"end":{"line":190,"column":10}},"191":{"start":{"line":192,"column":0},"end":{"line":192,"column":6}},"192":{"start":{"line":193,"column":0},"end":{"line":193,"column":5}},"193":{"start":{"line":194,"column":0},"end":{"line":194,"column":20}},"194":{"start":{"line":195,"column":0},"end":{"line":195,"column":23}},"195":{"start":{"line":196,"column":0},"end":{"line":196,"column":16}},"196":{"start":{"line":197,"column":0},"end":{"line":197,"column":22}},"197":{"start":{"line":198,"column":0},"end":{"line":198,"column":74}},"198":{"start":{"line":199,"column":0},"end":{"line":199,"column":13}},"199":{"start":{"line":200,"column":0},"end":{"line":200,"column":50}},"200":{"start":{"line":201,"column":0},"end":{"line":201,"column":25}},"201":{"start":{"line":202,"column":0},"end":{"line":202,"column":35}},"202":{"start":{"line":203,"column":0},"end":{"line":203,"column":27}},"203":{"start":{"line":204,"column":0},"end":{"line":204,"column":46}},"204":{"start":{"line":205,"column":0},"end":{"line":205,"column":9}},"206":{"start":{"line":207,"column":0},"end":{"line":207,"column":15}},"208":{"start":{"line":209,"column":0},"end":{"line":209,"column":6}},"209":{"start":{"line":210,"column":0},"end":{"line":210,"column":4}},"210":{"start":{"line":211,"column":0},"end":{"line":211,"column":1}},"232":{"start":{"line":233,"column":0},"end":{"line":233,"column":36}},"233":{"start":{"line":234,"column":0},"end":{"line":234,"column":23}},"234":{"start":{"line":235,"column":0},"end":{"line":235,"column":13}},"235":{"start":{"line":236,"column":0},"end":{"line":236,"column":33}},"236":{"start":{"line":237,"column":0},"end":{"line":237,"column":29}},"237":{"start":{"line":238,"column":0},"end":{"line":238,"column":49}},"238":{"start":{"line":239,"column":0},"end":{"line":239,"column":47}},"239":{"start":{"line":240,"column":0},"end":{"line":240,"column":35}},"241":{"start":{"line":242,"column":0},"end":{"line":242,"column":70}},"242":{"start":{"line":243,"column":0},"end":{"line":243,"column":48}},"243":{"start":{"line":244,"column":0},"end":{"line":244,"column":58}},"244":{"start":{"line":245,"column":0},"end":{"line":245,"column":62}},"245":{"start":{"line":246,"column":0},"end":{"line":246,"column":100}},"246":{"start":{"line":247,"column":0},"end":{"line":247,"column":97}},"249":{"start":{"line":250,"column":0},"end":{"line":250,"column":19}},"250":{"start":{"line":251,"column":0},"end":{"line":251,"column":19}},"251":{"start":{"line":252,"column":0},"end":{"line":252,"column":41}},"252":{"start":{"line":253,"column":0},"end":{"line":253,"column":13}},"253":{"start":{"line":254,"column":0},"end":{"line":254,"column":5}},"254":{"start":{"line":255,"column":0},"end":{"line":255,"column":21}},"255":{"start":{"line":256,"column":0},"end":{"line":256,"column":19}},"256":{"start":{"line":257,"column":0},"end":{"line":257,"column":54}},"257":{"start":{"line":258,"column":0},"end":{"line":258,"column":22}},"258":{"start":{"line":259,"column":0},"end":{"line":259,"column":66}},"259":{"start":{"line":260,"column":0},"end":{"line":260,"column":8}},"260":{"start":{"line":261,"column":0},"end":{"line":261,"column":20}},"262":{"start":{"line":263,"column":0},"end":{"line":263,"column":43}},"263":{"start":{"line":264,"column":0},"end":{"line":264,"column":59}},"264":{"start":{"line":265,"column":0},"end":{"line":265,"column":8}},"265":{"start":{"line":266,"column":0},"end":{"line":266,"column":40}},"266":{"start":{"line":267,"column":0},"end":{"line":267,"column":33}},"269":{"start":{"line":270,"column":0},"end":{"line":270,"column":34}},"270":{"start":{"line":271,"column":0},"end":{"line":271,"column":50}},"271":{"start":{"line":272,"column":0},"end":{"line":272,"column":63}},"272":{"start":{"line":273,"column":0},"end":{"line":273,"column":33}},"274":{"start":{"line":275,"column":0},"end":{"line":275,"column":58}},"276":{"start":{"line":277,"column":0},"end":{"line":277,"column":30}},"277":{"start":{"line":278,"column":0},"end":{"line":278,"column":63}},"278":{"start":{"line":279,"column":0},"end":{"line":279,"column":19}},"279":{"start":{"line":280,"column":0},"end":{"line":280,"column":4}},"281":{"start":{"line":282,"column":0},"end":{"line":282,"column":10}},"282":{"start":{"line":283,"column":0},"end":{"line":283,"column":9}},"284":{"start":{"line":285,"column":0},"end":{"line":285,"column":110}},"285":{"start":{"line":286,"column":0},"end":{"line":286,"column":50}},"287":{"start":{"line":288,"column":0},"end":{"line":288,"column":21}},"288":{"start":{"line":289,"column":0},"end":{"line":289,"column":18}},"289":{"start":{"line":290,"column":0},"end":{"line":290,"column":16}},"290":{"start":{"line":291,"column":0},"end":{"line":291,"column":22}},"291":{"start":{"line":292,"column":0},"end":{"line":292,"column":22}},"292":{"start":{"line":293,"column":0},"end":{"line":293,"column":28}},"293":{"start":{"line":294,"column":0},"end":{"line":294,"column":57}},"294":{"start":{"line":295,"column":0},"end":{"line":295,"column":32}},"296":{"start":{"line":297,"column":0},"end":{"line":297,"column":52}},"297":{"start":{"line":298,"column":0},"end":{"line":298,"column":35}},"298":{"start":{"line":299,"column":0},"end":{"line":299,"column":91}},"299":{"start":{"line":300,"column":0},"end":{"line":300,"column":13}},"300":{"start":{"line":301,"column":0},"end":{"line":301,"column":20}},"301":{"start":{"line":302,"column":0},"end":{"line":302,"column":22}},"302":{"start":{"line":303,"column":0},"end":{"line":303,"column":63}},"304":{"start":{"line":305,"column":0},"end":{"line":305,"column":23}},"306":{"start":{"line":307,"column":0},"end":{"line":307,"column":14}},"308":{"start":{"line":309,"column":0},"end":{"line":309,"column":73}},"311":{"start":{"line":312,"column":0},"end":{"line":312,"column":47}},"312":{"start":{"line":313,"column":0},"end":{"line":313,"column":17}},"313":{"start":{"line":314,"column":0},"end":{"line":314,"column":25}},"314":{"start":{"line":315,"column":0},"end":{"line":315,"column":27}},"315":{"start":{"line":316,"column":0},"end":{"line":316,"column":27}},"316":{"start":{"line":317,"column":0},"end":{"line":317,"column":31}},"317":{"start":{"line":318,"column":0},"end":{"line":318,"column":42}},"318":{"start":{"line":319,"column":0},"end":{"line":319,"column":43}},"319":{"start":{"line":320,"column":0},"end":{"line":320,"column":54}},"320":{"start":{"line":321,"column":0},"end":{"line":321,"column":43}},"321":{"start":{"line":322,"column":0},"end":{"line":322,"column":36}},"322":{"start":{"line":323,"column":0},"end":{"line":323,"column":27}},"323":{"start":{"line":324,"column":0},"end":{"line":324,"column":18}},"324":{"start":{"line":325,"column":0},"end":{"line":325,"column":35}},"325":{"start":{"line":326,"column":0},"end":{"line":326,"column":108}},"326":{"start":{"line":327,"column":0},"end":{"line":327,"column":46}},"327":{"start":{"line":328,"column":0},"end":{"line":328,"column":20}},"329":{"start":{"line":330,"column":0},"end":{"line":330,"column":34}},"330":{"start":{"line":331,"column":0},"end":{"line":331,"column":108}},"331":{"start":{"line":332,"column":0},"end":{"line":332,"column":85}},"332":{"start":{"line":333,"column":0},"end":{"line":333,"column":20}},"334":{"start":{"line":335,"column":0},"end":{"line":335,"column":12}},"335":{"start":{"line":336,"column":0},"end":{"line":336,"column":15}},"336":{"start":{"line":337,"column":0},"end":{"line":337,"column":32}},"337":{"start":{"line":338,"column":0},"end":{"line":338,"column":35}},"338":{"start":{"line":339,"column":0},"end":{"line":339,"column":28}},"339":{"start":{"line":340,"column":0},"end":{"line":340,"column":72}},"340":{"start":{"line":341,"column":0},"end":{"line":341,"column":68}},"341":{"start":{"line":342,"column":0},"end":{"line":342,"column":12}},"342":{"start":{"line":343,"column":0},"end":{"line":343,"column":10}},"343":{"start":{"line":344,"column":0},"end":{"line":344,"column":12}},"344":{"start":{"line":345,"column":0},"end":{"line":345,"column":10}},"346":{"start":{"line":347,"column":0},"end":{"line":347,"column":1}},"348":{"start":{"line":349,"column":0},"end":{"line":349,"column":34}}},"s":{"0":1,"32":1,"33":1,"34":1,"35":1,"36":1,"51":10,"52":10,"53":10,"54":10,"55":10,"56":10,"57":10,"59":10,"60":10,"62":6,"63":10,"65":10,"66":10,"67":10,"68":10,"69":10,"70":10,"71":10,"72":10,"73":10,"74":10,"75":10,"76":10,"77":10,"78":10,"79":10,"80":10,"84":1,"85":1,"86":1,"87":1,"88":1,"89":1,"90":1,"94":1,"95":1,"96":1,"97":1,"98":1,"99":1,"100":1,"101":1,"103":16,"104":16,"105":1,"106":15,"108":16,"109":16,"110":16,"111":16,"112":16,"113":16,"114":47,"115":16,"116":16,"117":16,"118":16,"119":16,"120":16,"121":16,"122":16,"123":47,"124":47,"125":47,"126":47,"127":47,"128":47,"130":16,"131":16,"132":16,"133":16,"134":16,"135":16,"136":16,"137":16,"138":47,"139":47,"140":47,"141":47,"142":47,"143":47,"145":47,"146":47,"148":47,"149":16,"150":16,"151":16,"152":16,"153":16,"154":16,"155":16,"156":16,"157":16,"158":16,"159":16,"160":16,"161":16,"162":47,"163":47,"164":47,"166":16,"167":16,"168":16,"169":16,"170":16,"171":16,"172":16,"173":16,"174":47,"175":47,"176":47,"178":16,"179":16,"180":16,"181":16,"182":16,"183":16,"184":16,"185":47,"186":47,"187":47,"188":47,"189":47,"191":16,"192":16,"193":16,"194":16,"195":16,"196":16,"197":16,"198":47,"199":47,"200":47,"201":47,"202":47,"203":47,"204":47,"206":47,"208":16,"209":16,"210":16,"232":1,"233":41,"234":41,"235":41,"236":41,"237":41,"238":41,"239":41,"241":41,"242":41,"243":41,"244":41,"245":41,"246":41,"249":41,"250":16,"251":6,"252":6,"253":6,"254":10,"255":10,"256":10,"257":10,"258":6,"259":10,"260":10,"262":4,"263":4,"264":10,"265":10,"266":41,"269":41,"270":31,"271":0,"272":41,"274":41,"276":41,"277":41,"278":41,"279":41,"281":41,"282":41,"284":41,"285":41,"287":41,"288":41,"289":41,"290":41,"291":41,"292":41,"293":41,"294":41,"296":41,"297":41,"298":45,"299":41,"300":41,"301":41,"302":12,"304":12,"306":41,"308":41,"311":41,"312":41,"313":41,"314":41,"315":41,"316":41,"317":41,"318":41,"319":41,"320":41,"321":41,"322":41,"323":41,"324":41,"325":19,"326":19,"327":19,"329":41,"330":32,"331":32,"332":32,"334":41,"335":41,"336":41,"337":41,"338":41,"339":41,"340":41,"341":41,"342":41,"343":41,"344":41,"346":41,"348":1},"branchMap":{"0":{"type":"branch","line":52,"loc":{"start":{"line":52,"column":0},"end":{"line":81,"column":1}},"locations":[{"start":{"line":52,"column":0},"end":{"line":81,"column":1}}]},"1":{"type":"branch","line":57,"loc":{"start":{"line":57,"column":35},"end":{"line":57,"column":61}},"locations":[{"start":{"line":57,"column":35},"end":{"line":57,"column":61}}]},"2":{"type":"branch","line":61,"loc":{"start":{"line":61,"column":15},"end":{"line":61,"column":63}},"locations":[{"start":{"line":61,"column":15},"end":{"line":61,"column":63}}]},"3":{"type":"branch","line":61,"loc":{"start":{"line":61,"column":61},"end":{"line":64,"column":45}},"locations":[{"start":{"line":61,"column":61},"end":{"line":64,"column":45}}]},"4":{"type":"branch","line":64,"loc":{"start":{"line":64,"column":34},"end":{"line":64,"column":48}},"locations":[{"start":{"line":64,"column":34},"end":{"line":64,"column":48}}]},"5":{"type":"branch","line":67,"loc":{"start":{"line":67,"column":12},"end":{"line":67,"column":85}},"locations":[{"start":{"line":67,"column":12},"end":{"line":67,"column":85}}]},"6":{"type":"branch","line":67,"loc":{"start":{"line":67,"column":20},"end":{"line":67,"column":85}},"locations":[{"start":{"line":67,"column":20},"end":{"line":67,"column":85}}]},"7":{"type":"branch","line":68,"loc":{"start":{"line":68,"column":9},"end":{"line":80,"column":6}},"locations":[{"start":{"line":68,"column":9},"end":{"line":80,"column":6}}]},"8":{"type":"branch","line":72,"loc":{"start":{"line":72,"column":36},"end":{"line":72,"column":78}},"locations":[{"start":{"line":72,"column":36},"end":{"line":72,"column":78}}]},"9":{"type":"branch","line":73,"loc":{"start":{"line":73,"column":37},"end":{"line":73,"column":46}},"locations":[{"start":{"line":73,"column":37},"end":{"line":73,"column":46}}]},"10":{"type":"branch","line":74,"loc":{"start":{"line":74,"column":19},"end":{"line":74,"column":81}},"locations":[{"start":{"line":74,"column":19},"end":{"line":74,"column":81}}]},"11":{"type":"branch","line":75,"loc":{"start":{"line":75,"column":14},"end":{"line":75,"column":30}},"locations":[{"start":{"line":75,"column":14},"end":{"line":75,"column":30}}]},"12":{"type":"branch","line":104,"loc":{"start":{"line":104,"column":0},"end":{"line":211,"column":1}},"locations":[{"start":{"line":104,"column":0},"end":{"line":211,"column":1}}]},"13":{"type":"branch","line":105,"loc":{"start":{"line":105,"column":35},"end":{"line":106,"column":49}},"locations":[{"start":{"line":105,"column":35},"end":{"line":106,"column":49}}]},"14":{"type":"branch","line":106,"loc":{"start":{"line":106,"column":6},"end":{"line":107,"column":51}},"locations":[{"start":{"line":106,"column":6},"end":{"line":107,"column":51}}]},"15":{"type":"branch","line":114,"loc":{"start":{"line":114,"column":22},"end":{"line":115,"column":95}},"locations":[{"start":{"line":114,"column":22},"end":{"line":115,"column":95}}]},"16":{"type":"branch","line":123,"loc":{"start":{"line":123,"column":18},"end":{"line":129,"column":10}},"locations":[{"start":{"line":123,"column":18},"end":{"line":129,"column":10}}]},"17":{"type":"branch","line":125,"loc":{"start":{"line":125,"column":24},"end":{"line":125,"column":36}},"locations":[{"start":{"line":125,"column":24},"end":{"line":125,"column":36}}]},"18":{"type":"branch","line":127,"loc":{"start":{"line":127,"column":36},"end":{"line":127,"column":47}},"locations":[{"start":{"line":127,"column":36},"end":{"line":127,"column":47}}]},"19":{"type":"branch","line":127,"loc":{"start":{"line":127,"column":47},"end":{"line":127,"column":62}},"locations":[{"start":{"line":127,"column":47},"end":{"line":127,"column":62}}]},"20":{"type":"branch","line":138,"loc":{"start":{"line":138,"column":18},"end":{"line":149,"column":8}},"locations":[{"start":{"line":138,"column":18},"end":{"line":149,"column":8}}]},"21":{"type":"branch","line":139,"loc":{"start":{"line":139,"column":38},"end":{"line":139,"column":50}},"locations":[{"start":{"line":139,"column":38},"end":{"line":139,"column":50}}]},"22":{"type":"branch","line":144,"loc":{"start":{"line":144,"column":26},"end":{"line":144,"column":47}},"locations":[{"start":{"line":144,"column":26},"end":{"line":144,"column":47}}]},"23":{"type":"branch","line":144,"loc":{"start":{"line":144,"column":30},"end":{"line":144,"column":60}},"locations":[{"start":{"line":144,"column":30},"end":{"line":144,"column":60}}]},"24":{"type":"branch","line":162,"loc":{"start":{"line":162,"column":18},"end":{"line":165,"column":21}},"locations":[{"start":{"line":162,"column":18},"end":{"line":165,"column":21}}]},"25":{"type":"branch","line":174,"loc":{"start":{"line":174,"column":18},"end":{"line":177,"column":21}},"locations":[{"start":{"line":174,"column":18},"end":{"line":177,"column":21}}]},"26":{"type":"branch","line":176,"loc":{"start":{"line":176,"column":18},"end":{"line":176,"column":31}},"locations":[{"start":{"line":176,"column":18},"end":{"line":176,"column":31}}]},"27":{"type":"branch","line":185,"loc":{"start":{"line":185,"column":18},"end":{"line":190,"column":10}},"locations":[{"start":{"line":185,"column":18},"end":{"line":190,"column":10}}]},"28":{"type":"branch","line":189,"loc":{"start":{"line":189,"column":34},"end":{"line":189,"column":58}},"locations":[{"start":{"line":189,"column":34},"end":{"line":189,"column":58}}]},"29":{"type":"branch","line":189,"loc":{"start":{"line":189,"column":46},"end":{"line":189,"column":107}},"locations":[{"start":{"line":189,"column":46},"end":{"line":189,"column":107}}]},"30":{"type":"branch","line":189,"loc":{"start":{"line":189,"column":87},"end":{"line":189,"column":107}},"locations":[{"start":{"line":189,"column":87},"end":{"line":189,"column":107}}]},"31":{"type":"branch","line":198,"loc":{"start":{"line":198,"column":18},"end":{"line":207,"column":15}},"locations":[{"start":{"line":198,"column":18},"end":{"line":207,"column":15}}]},"32":{"type":"branch","line":233,"loc":{"start":{"line":233,"column":7},"end":{"line":347,"column":1}},"locations":[{"start":{"line":233,"column":7},"end":{"line":347,"column":1}}]},"33":{"type":"branch","line":239,"loc":{"start":{"line":239,"column":18},"end":{"line":239,"column":47}},"locations":[{"start":{"line":239,"column":18},"end":{"line":239,"column":47}}]},"34":{"type":"branch","line":240,"loc":{"start":{"line":240,"column":14},"end":{"line":240,"column":35}},"locations":[{"start":{"line":240,"column":14},"end":{"line":240,"column":35}}]},"35":{"type":"branch","line":302,"loc":{"start":{"line":302,"column":10},"end":{"line":305,"column":23}},"locations":[{"start":{"line":302,"column":10},"end":{"line":305,"column":23}}]},"36":{"type":"branch","line":309,"loc":{"start":{"line":309,"column":7},"end":{"line":309,"column":73}},"locations":[{"start":{"line":309,"column":7},"end":{"line":309,"column":73}}]},"37":{"type":"branch","line":250,"loc":{"start":{"line":250,"column":12},"end":{"line":267,"column":5}},"locations":[{"start":{"line":250,"column":12},"end":{"line":267,"column":5}}]},"38":{"type":"branch","line":251,"loc":{"start":{"line":251,"column":18},"end":{"line":254,"column":5}},"locations":[{"start":{"line":251,"column":18},"end":{"line":254,"column":5}}]},"39":{"type":"branch","line":254,"loc":{"start":{"line":254,"column":4},"end":{"line":266,"column":40}},"locations":[{"start":{"line":254,"column":4},"end":{"line":266,"column":40}}]},"40":{"type":"branch","line":258,"loc":{"start":{"line":258,"column":12},"end":{"line":260,"column":7}},"locations":[{"start":{"line":258,"column":12},"end":{"line":260,"column":7}}]},"41":{"type":"branch","line":259,"loc":{"start":{"line":259,"column":37},"end":{"line":259,"column":47}},"locations":[{"start":{"line":259,"column":37},"end":{"line":259,"column":47}}]},"42":{"type":"branch","line":259,"loc":{"start":{"line":259,"column":41},"end":{"line":259,"column":64}},"locations":[{"start":{"line":259,"column":41},"end":{"line":259,"column":64}}]},"43":{"type":"branch","line":261,"loc":{"start":{"line":261,"column":13},"end":{"line":265,"column":7}},"locations":[{"start":{"line":261,"column":13},"end":{"line":265,"column":7}}]},"44":{"type":"branch","line":266,"loc":{"start":{"line":266,"column":15},"end":{"line":266,"column":38}},"locations":[{"start":{"line":266,"column":15},"end":{"line":266,"column":38}}]},"45":{"type":"branch","line":270,"loc":{"start":{"line":270,"column":27},"end":{"line":273,"column":5}},"locations":[{"start":{"line":270,"column":27},"end":{"line":273,"column":5}}]},"46":{"type":"branch","line":271,"loc":{"start":{"line":271,"column":37},"end":{"line":272,"column":63}},"locations":[{"start":{"line":271,"column":37},"end":{"line":272,"column":63}}]},"47":{"type":"branch","line":275,"loc":{"start":{"line":275,"column":26},"end":{"line":275,"column":51}},"locations":[{"start":{"line":275,"column":26},"end":{"line":275,"column":51}}]},"48":{"type":"branch","line":278,"loc":{"start":{"line":278,"column":4},"end":{"line":278,"column":63}},"locations":[{"start":{"line":278,"column":4},"end":{"line":278,"column":63}}]},"49":{"type":"branch","line":278,"loc":{"start":{"line":278,"column":46},"end":{"line":278,"column":59}},"locations":[{"start":{"line":278,"column":46},"end":{"line":278,"column":59}}]},"50":{"type":"branch","line":298,"loc":{"start":{"line":298,"column":27},"end":{"line":299,"column":91}},"locations":[{"start":{"line":298,"column":27},"end":{"line":299,"column":91}}]},"51":{"type":"branch","line":325,"loc":{"start":{"line":325,"column":28},"end":{"line":328,"column":20}},"locations":[{"start":{"line":325,"column":28},"end":{"line":328,"column":20}}]},"52":{"type":"branch","line":330,"loc":{"start":{"line":330,"column":27},"end":{"line":333,"column":20}},"locations":[{"start":{"line":330,"column":27},"end":{"line":333,"column":20}}]}},"b":{"0":[10],"1":[0],"2":[1],"3":[6],"4":[0],"5":[12],"6":[2],"7":[10],"8":[0],"9":[0],"10":[0],"11":[0],"12":[16],"13":[1],"14":[15],"15":[47],"16":[47],"17":[0],"18":[0],"19":[0],"20":[47],"21":[0],"22":[38],"23":[9],"24":[47],"25":[47],"26":[9],"27":[47],"28":[38],"29":[9],"30":[0],"31":[47],"32":[41],"33":[36],"34":[0],"35":[12],"36":[0],"37":[16],"38":[6],"39":[10],"40":[6],"41":[5],"42":[1],"43":[4],"44":[10],"45":[31],"46":[0],"47":[16],"48":[31],"49":[60],"50":[45],"51":[19],"52":[32]},"fnMap":{"0":{"name":"fetchHorizonTransactions","decl":{"start":{"line":52,"column":0},"end":{"line":81,"column":1}},"loc":{"start":{"line":52,"column":0},"end":{"line":81,"column":1}},"line":52},"1":{"name":"buildColumns","decl":{"start":{"line":104,"column":0},"end":{"line":211,"column":1}},"loc":{"start":{"line":104,"column":0},"end":{"line":211,"column":1}},"line":104},"2":{"name":"valueFormatter","decl":{"start":{"line":114,"column":22},"end":{"line":115,"column":95}},"loc":{"start":{"line":114,"column":22},"end":{"line":115,"column":95}},"line":114},"3":{"name":"renderCell","decl":{"start":{"line":123,"column":18},"end":{"line":129,"column":10}},"loc":{"start":{"line":123,"column":18},"end":{"line":129,"column":10}},"line":123},"4":{"name":"sortComparator","decl":{"start":{"line":137,"column":22},"end":{"line":137,"column":78}},"loc":{"start":{"line":137,"column":22},"end":{"line":137,"column":78}},"line":137},"5":{"name":"renderCell","decl":{"start":{"line":138,"column":18},"end":{"line":149,"column":8}},"loc":{"start":{"line":138,"column":18},"end":{"line":149,"column":8}},"line":138},"6":{"name":"renderCell","decl":{"start":{"line":162,"column":18},"end":{"line":165,"column":21}},"loc":{"start":{"line":162,"column":18},"end":{"line":165,"column":21}},"line":162},"7":{"name":"renderCell","decl":{"start":{"line":174,"column":18},"end":{"line":177,"column":21}},"loc":{"start":{"line":174,"column":18},"end":{"line":177,"column":21}},"line":174},"8":{"name":"renderCell","decl":{"start":{"line":185,"column":18},"end":{"line":190,"column":10}},"loc":{"start":{"line":185,"column":18},"end":{"line":190,"column":10}},"line":185},"9":{"name":"renderCell","decl":{"start":{"line":198,"column":18},"end":{"line":207,"column":15}},"loc":{"start":{"line":198,"column":18},"end":{"line":207,"column":15}},"line":198},"10":{"name":"onClick","decl":{"start":{"line":204,"column":19},"end":{"line":204,"column":46}},"loc":{"start":{"line":204,"column":19},"end":{"line":204,"column":46}},"line":204},"11":{"name":"TransactionHistory","decl":{"start":{"line":233,"column":7},"end":{"line":347,"column":1}},"loc":{"start":{"line":233,"column":7},"end":{"line":347,"column":1}},"line":233},"12":{"name":"onChange","decl":{"start":{"line":294,"column":20},"end":{"line":294,"column":57}},"loc":{"start":{"line":294,"column":20},"end":{"line":294,"column":57}},"line":294},"13":{"name":"loadingOverlay","decl":{"start":{"line":325,"column":28},"end":{"line":328,"column":20}},"loc":{"start":{"line":325,"column":28},"end":{"line":328,"column":20}},"line":325},"14":{"name":"noRowsOverlay","decl":{"start":{"line":330,"column":27},"end":{"line":333,"column":20}},"loc":{"start":{"line":330,"column":27},"end":{"line":333,"column":20}},"line":330}},"f":{"0":10,"1":16,"2":47,"3":47,"4":0,"5":47,"6":47,"7":47,"8":47,"9":47,"10":0,"11":41,"12":0,"13":19,"14":32}}
}
